<?xml version="1.0" encoding="UTF-8" ?>
<testsuite errors="0" failures="3" hostname="DESKTOP-6H49DRA" name="LMS.AA_ALL_TEST_CASES_RUN" skipped="0" tests="154" time="630.607" timestamp="2020-05-03T04:29:54">
  <properties>
    <property name="libs.jsp-compiler.javadoc" value="" />
    <property name="netbeans.autoupdate.country" value="US" />
    <property name="javac.test.classpath" value="C:\Users\itsme\Desktop\sqljdbc4-chs-4.0.2206.100.jar:C:\Users\itsme\Desktop\junit-4.13.jar:C:\Users\itsme\Desktop\hamcrest-core-1.3.jar:C:\Users\itsme\Desktop\assertj-core-3.8.0.jar:C:\Users\itsme\Desktop\assertj-swing-3.8.0.jar:C:\Users\itsme\Desktop\fest-util-1.2.5.jar:C:\Program Files\NetBeans 8.0.2\java\modules\ext\beansbinding-1.2.1.jar:build/classes:derbyclient-10.2.2.0.jar" />
    <property name="libs.jsf20.maven-pom" value="" />
    <property name="libs.DataBindingME.src" value="C:\Program Files\NetBeans 8.0.2\mobility\sources\netbeans_databindingme-src.zip" />
    <property name="manifest.custom.codebase" value="" />
    <property name="libs.spring-webmvc4.0.src" value="" />
    <property name="javac.includes" value="LMS/AA_ALL_TEST_CASES_RUN.java" />
    <property name="ant.core.lib" value="C:\Program Files\NetBeans 8.0.2\extide\ant\lib\ant.jar" />
    <property name="ant.file.Library_Management_System" value="C:\Users\itsme\Desktop\Project\build.xml" />
    <property name="javadoc.windowtitle" value="" />
    <property name="libs.jsp-compilation.javadoc" value="" />
    <property name="user.dir" value="C:\Users\itsme\Desktop\Project" />
    <property name="libs.javaee-api-7.0.src" value="" />
    <property name="java.vm.version" value="25.181-b13" />
    <property name="libs.DataBindingME.classpath" value="C:\Program Files\NetBeans 8.0.2\mobility\modules\ext\netbeans_databindingme.jar" />
    <property name="libs.j2me_common_ant.src" value="" />
    <property name="libs.MySQLDriver.classpath" value="C:\Program Files\NetBeans 8.0.2\ide\modules\ext\mysql-connector-java-5.1.23-bin.jar" />
    <property name="libs.eclipselinkmodelgen.src" value="" />
    <property name="javadoc.notree" value="false" />
    <property name="netbeans.autoupdate.version" value="1.23" />
    <property name="libs.javaee-web-api-6.0.classpath" value="C:\Program Files\NetBeans 8.0.2\enterprise\modules\ext\javaee-web-api-6.0.jar" />
    <property name="libs.DataBindingME-PIM.maven-pom" value="" />
    <property name="javac.profile.cmd.line.arg" value="" />
    <property name="jdk.home" value="C:\Program Files\Java\jdk1.8.0_181" />
    <property name="libs.javac-api.src" value="" />
    <property name="javadoc.noindex" value="false" />
    <property name="libs.jpa2-persistence.classpath" value="C:\Program Files\NetBeans 8.0.2\java\modules\ext\hibernate4\hibernate-jpa-2.1-api-1.0.0.Final.jar" />
    <property name="sun.os.patch.level" value="" />
    <property name="do.archive+manifest.available" value="true" />
    <property name="java.vm.specification.name" value="Java Virtual Machine Specification" />
    <property name="nb.show.statistics.ui" value="usageStatisticsEnabled" />
    <property name="netbeans.autoupdate.variant" value="" />
    <property name="have.tests" value="true" />
    <property name="file.reference.junit-4.13.jar" value="C:\Users\itsme\Desktop\junit-4.13.jar" />
    <property name="org.xml.sax.driver" value="com.sun.org.apache.xerces.internal.jaxp.SAXParserImpl$JAXPSAXParser" />
    <property name="libs.javac-api.javadoc" value="" />
    <property name="os.name" value="Windows 10" />
    <property name="libs.beans-binding.classpath" value="C:\Program Files\NetBeans 8.0.2\java\modules\ext\beansbinding-1.2.1.jar" />
    <property name="libs.javaee-endorsed-api-7.0.maven-pom" value="" />
    <property name="ap.proc.none.internal" value="" />
    <property name="libs.DataBindingME-SVG.javadoc" value="C:\Program Files\NetBeans 8.0.2\mobility\modules\docs\netbeans_databindingme_svg-api.zip" />
    <property name="libs.restapi.javadoc" value="" />
    <property name="libs.JWSAntTasks.maven-pom" value="" />
    <property name="jnlp.signing.keystore" value="" />
    <property name="libs.jstl.classpath" value="C:\Program Files\NetBeans 8.0.2\enterprise\modules\ext\jstl-impl.jar;C:\Program Files\NetBeans 8.0.2\enterprise\modules\ext\jstl-api.jar" />
    <property name="libs.testng.src" value="" />
    <property name="libs.spring-webmvc3.0.src" value="" />
    <property name="libs.restapi.classpath" value="C:\Program Files\NetBeans 8.0.2\enterprise\modules\ext\jaxrs-2.0\javax.ws.rs-api-2.0.jar" />
    <property name="java.vendor.url.bug" value="http://bugreport.sun.com/bugreport/" />
    <property name="libs.jaxb.maven-pom" value="" />
    <property name="os.arch" value="amd64" />
    <property name="libs.eclipselink.src" value="" />
    <property name="user.name" value="itsme" />
    <property name="libs.jsf12.javadoc" value="C:\Program Files\NetBeans 8.0.2\enterprise\docs\javaee-doc-api.jar" />
    <property name="copylibs.rebase" value="true" />
    <property name="libs.j2me_common_ant.maven-pom" value="" />
    <property name="libs.spring-webmvc3.0.maven-pom" value="" />
    <property name="libs.swing-layout.maven-pom" value="" />
    <property name="sun.java.command" value="org.apache.tools.ant.taskdefs.optional.junit.JUnitTestRunner LMS.AA_ALL_TEST_CASES_RUN skipNonTests=false filtertrace=true haltOnError=false haltOnFailure=false showoutput=true outputtoformatters=true logfailedtests=true threadid=0 logtestlistenerevents=true formatter=org.apache.tools.ant.taskdefs.optional.junit.BriefJUnitResultFormatter formatter=org.apache.tools.ant.taskdefs.optional.junit.XMLJUnitResultFormatter,C:\Users\itsme\Desktop\Project\build\test\results\TEST-LMS.AA_ALL_TEST_CASES_RUN.xml crashfile=C:\Users\itsme\Desktop\Project\build\junitvmwatcher4718931432846958799.properties propsfile=C:\Users\itsme\Desktop\Project\build\junit639423438534491296.properties" />
    <property name="build.classes.dir" value="build/classes" />
    <property name="netbeans.accept_license_class" value="org.netbeans.license.AcceptLicense" />
    <property name="jnlp.descriptor" value="application" />
    <property name="build.sysclasspath" value="ignore" />
    <property name="manifest.encoding" value="UTF-8" />
    <property name="ap.supported.internal" value="true" />
    <property name="java.failonerror" value="true" />
    <property name="libs.javaee-endorsed-api-7.0.javadoc" value="C:\Program Files\NetBeans 8.0.2\enterprise\docs\javaee-doc-api.jar" />
    <property name="libs.jaxws21.javadoc" value="C:\Program Files\NetBeans 8.0.2\java\docs\jaxws-api-doc.zip" />
    <property name="libs.spring-webmvc4.0.javadoc" value="" />
    <property name="includes" value="**" />
    <property name="user.country" value="US" />
    <property name="manifest.file" value="manifest.mf" />
    <property name="javadoc.encoding" value="UTF-8" />
    <property name="javac.classpath" value="C:\Users\itsme\Desktop\sqljdbc4-chs-4.0.2206.100.jar:C:\Users\itsme\Desktop\junit-4.13.jar:C:\Users\itsme\Desktop\hamcrest-core-1.3.jar:C:\Users\itsme\Desktop\assertj-core-3.8.0.jar:C:\Users\itsme\Desktop\assertj-swing-3.8.0.jar:C:\Users\itsme\Desktop\fest-util-1.2.5.jar:C:\Program Files\NetBeans 8.0.2\java\modules\ext\beansbinding-1.2.1.jar" />
    <property name="libs.jsp-compilation-syscp.src" value="" />
    <property name="libs.JAVADB_DRIVER_LABEL.src" value="" />
    <property name="libs.spring-framework400.classpath" value="C:\Program Files\NetBeans 8.0.2\ide\modules\org-apache-commons-logging.jar;C:\Program Files\NetBeans 8.0.2\java\modules\ext\cglib-2.2.jar;C:\Program Files\NetBeans 8.0.2\java\modules\ext\spring-4\spring-aop-4.0.1.RELEASE.jar;C:\Program Files\NetBeans 8.0.2\java\modules\ext\spring-4\spring-aspects-4.0.1.RELEASE.jar;C:\Program Files\NetBeans 8.0.2\java\modules\ext\spring-4\spring-beans-4.0.1.RELEASE.jar;C:\Program Files\NetBeans 8.0.2\java\modules\ext\spring-4\spring-build-src-4.0.1.RELEASE.jar;C:\Program Files\NetBeans 8.0.2\java\modules\ext\spring-4\spring-context-4.0.1.RELEASE.jar;C:\Program Files\NetBeans 8.0.2\java\modules\ext\spring-4\spring-context-support-4.0.1.RELEASE.jar;C:\Program Files\NetBeans 8.0.2\java\modules\ext\spring-4\spring-core-4.0.1.RELEASE.jar;C:\Program Files\NetBeans 8.0.2\java\modules\ext\spring-4\spring-expression-4.0.1.RELEASE.jar;C:\Program Files\NetBeans 8.0.2\java\modules\ext\spring-4\spring-framework-bom-4.0.1.RELEASE.jar;C:\Program Files\NetBeans 8.0.2\java\modules\ext\spring-4\spring-instrument-4.0.1.RELEASE.jar;C:\Program Files\NetBeans 8.0.2\java\modules\ext\spring-4\spring-instrument-tomcat-4.0.1.RELEASE.jar;C:\Program Files\NetBeans 8.0.2\java\modules\ext\spring-4\spring-jdbc-4.0.1.RELEASE.jar;C:\Program Files\NetBeans 8.0.2\java\modules\ext\spring-4\spring-jms-4.0.1.RELEASE.jar;C:\Program Files\NetBeans 8.0.2\java\modules\ext\spring-4\spring-messaging-4.0.1.RELEASE.jar;C:\Program Files\NetBeans 8.0.2\java\modules\ext\spring-4\spring-orm-4.0.1.RELEASE.jar;C:\Program Files\NetBeans 8.0.2\java\modules\ext\spring-4\spring-oxm-4.0.1.RELEASE.jar;C:\Program Files\NetBeans 8.0.2\java\modules\ext\spring-4\spring-test-4.0.1.RELEASE.jar;C:\Program Files\NetBeans 8.0.2\java\modules\ext\spring-4\spring-tx-4.0.1.RELEASE.jar;C:\Program Files\NetBeans 8.0.2\java\modules\ext\spring-4\spring-web-4.0.1.RELEASE.jar;C:\Program Files\NetBeans 8.0.2\java\modules\ext\spring-4\spring-webmvc-4.0.1.RELEASE.jar;C:\Program Files\NetBeans 8.0.2\java\modules\ext\spring-4\spring-webmvc-portlet-4.0.1.RELEASE.jar;C:\Program Files\NetBeans 8.0.2\java\modules\ext\spring-4\spring-websocket-4.0.1.RELEASE.jar" />
    <property name="debug-transport" value="dt_shmem" />
    <property name="netbeans.home" value="C:\Program Files\NetBeans 8.0.2\platform" />
    <property name="build.compiler.emacs" value="true" />
    <property name="libs.javaee-web-api-6.0.src" value="" />
    <property name="libs.jsp-compilation-syscp.classpath" value="C:\Program Files\NetBeans 8.0.2\extide\ant\lib\ant.jar;C:\Program Files\NetBeans 8.0.2\enterprise\modules\ext\servlet3.1-jsp2.3-api.jar;C:\Program Files\NetBeans 8.0.2\enterprise\modules\ext\glassfish-jspparser-4.0.jar;C:\Program Files\NetBeans 8.0.2\enterprise\modules\ext\jstl-impl.jar;C:\Program Files\NetBeans 8.0.2\enterprise\modules\ext\jsf-2_2\javax.faces.jar" />
    <property name="java.endorsed.dirs" value="C:\Program Files\Java\jdk1.8.0_181\jre\lib\endorsed" />
    <property name="libs.groovy-all.src" value="" />
    <property name="test.includes" value="LMS/AA_ALL_TEST_CASES_RUN.java" />
    <property name="netbeans.dynamic.classpath" value="C:\Program Files\NetBeans 8.0.2\platform\core\core.jar;C:\Program Files\NetBeans 8.0.2\platform\core\org-openide-filesystems.jar;C:\Program Files\NetBeans 8.0.2\platform\core\locale\core_ja.jar;C:\Program Files\NetBeans 8.0.2\platform\core\locale\core_pt_BR.jar;C:\Program Files\NetBeans 8.0.2\platform\core\locale\core_ru.jar;C:\Program Files\NetBeans 8.0.2\platform\core\locale\core_zh_CN.jar;C:\Program Files\NetBeans 8.0.2\platform\core\locale\org-openide-filesystems_ja.jar;C:\Program Files\NetBeans 8.0.2\platform\core\locale\org-openide-filesystems_pt_BR.jar;C:\Program Files\NetBeans 8.0.2\platform\core\locale\org-openide-filesystems_ru.jar;C:\Program Files\NetBeans 8.0.2\platform\core\locale\org-openide-filesystems_zh_CN.jar;C:\Program Files\NetBeans 8.0.2\nb\core\org-netbeans-upgrader.jar;C:\Program Files\NetBeans 8.0.2\nb\core\locale\core_nb.jar;C:\Program Files\NetBeans 8.0.2\nb\core\locale\core_nb_ja.jar;C:\Program Files\NetBeans 8.0.2\nb\core\locale\core_nb_pt_BR.jar;C:\Program Files\NetBeans 8.0.2\nb\core\locale\core_nb_ru.jar;C:\Program Files\NetBeans 8.0.2\nb\core\locale\core_nb_zh_CN.jar;C:\Program Files\NetBeans 8.0.2\nb\core\locale\org-netbeans-upgrader_ja.jar;C:\Program Files\NetBeans 8.0.2\nb\core\locale\org-netbeans-upgrader_pt_BR.jar;C:\Program Files\NetBeans 8.0.2\nb\core\locale\org-netbeans-upgrader_ru.jar;C:\Program Files\NetBeans 8.0.2\nb\core\locale\org-netbeans-upgrader_zh_CN.jar" />
    <property name="jnlp.enabled" value="false" />
    <property name="java.vm.specification.version" value="1.8" />
    <property name="file.reference.fest-util-1.2.5.jar" value="C:\Users\itsme\Desktop\fest-util-1.2.5.jar" />
    <property name="libs.hibernate4-support.src" value="" />
    <property name="libs.primefaces.classpath" value="C:\Program Files\NetBeans 8.0.2\enterprise\modules\ext\primefaces\primefaces-5.0.jar" />
    <property name="libs.javaee-api-6.0.classpath" value="C:\Program Files\NetBeans 8.0.2\enterprise\modules\ext\javaee-api-6.0.jar" />
    <property name="libs.groovy-all.maven-pom" value="" />
    <property name="netbeans.productversion" value="NetBeans IDE 8.0.2 (Build 201411181905)" />
    <property name="libs.jaxws21.src" value="" />
    <property name="application.title" value="Library Management System" />
    <property name="do.archive" value="true" />
    <property name="netbeans.autoupdate.language" value="en" />
    <property name="java.vendor" value="Oracle Corporation" />
    <property name="libs.javaee-api-6.0.javadoc" value="C:\Program Files\NetBeans 8.0.2\enterprise\docs\javaee-doc-api.jar" />
    <property name="jar.index.metainf" value="false" />
    <property name="javac.debug" value="true" />
    <property name="javadoc.splitindex" value="true" />
    <property name="file.separator" value="\" />
    <property name="javac.includesfile.binary" value="C:\Users\itsme\Desktop\Project\null524596424" />
    <property name="mkdist.disabled" value="false" />
    <property name="javac.test.processorpath" value="C:\Users\itsme\Desktop\sqljdbc4-chs-4.0.2206.100.jar:C:\Users\itsme\Desktop\junit-4.13.jar:C:\Users\itsme\Desktop\hamcrest-core-1.3.jar:C:\Users\itsme\Desktop\assertj-core-3.8.0.jar:C:\Users\itsme\Desktop\assertj-swing-3.8.0.jar:C:\Users\itsme\Desktop\fest-util-1.2.5.jar:C:\Program Files\NetBeans 8.0.2\java\modules\ext\beansbinding-1.2.1.jar:build/classes:derbyclient-10.2.2.0.jar" />
    <property name="netbeans.buildnumber" value="201411181905" />
    <property name="libs.JWSAntTasks.javadoc" value="" />
    <property name="build.generated.sources.dir" value="build/generated-sources" />
    <property name="user.variant" value="" />
    <property name="libs.eclipselinkmodelgen.classpath" value="C:\Program Files\NetBeans 8.0.2\java\modules\ext\eclipselink\org.eclipse.persistence.jpa.modelgen_2.5.2.v20140319-9ad6abd.jar" />
    <property name="file.reference.derbyclient-10.2.2.0.jar" value="derbyclient-10.2.2.0.jar" />
    <property name="libs.javaee-endorsed-api-7.0.src" value="" />
    <property name="sun.java.launcher" value="SUN_STANDARD" />
    <property name="libs.hibernate4-persistencemodelgen.javadoc" value="" />
    <property name="libs.jaxb.javadoc" value="C:\Program Files\NetBeans 8.0.2\ide\docs\jaxb-api-doc.zip" />
    <property name="libs.struts.classpath" value="C:\Program Files\NetBeans 8.0.2\enterprise\modules\ext\struts\antlr-2.7.2.jar;C:\Program Files\NetBeans 8.0.2\enterprise\modules\ext\struts\bsf-2.3.0.jar;C:\Program Files\NetBeans 8.0.2\enterprise\modules\ext\struts\commons-beanutils-1.8.0.jar;C:\Program Files\NetBeans 8.0.2\enterprise\modules\ext\struts\commons-chain-1.2.jar;C:\Program Files\NetBeans 8.0.2\enterprise\modules\ext\struts\commons-digester-1.8.jar;C:\Program Files\NetBeans 8.0.2\enterprise\modules\ext\struts\commons-fileupload-1.1.1.jar;C:\Program Files\NetBeans 8.0.2\enterprise\modules\ext\struts\commons-io-1.1.jar;C:\Program Files\NetBeans 8.0.2\enterprise\modules\ext\struts\commons-logging-1.0.4.jar;C:\Program Files\NetBeans 8.0.2\enterprise\modules\ext\struts\commons-validator-1.3.1.jar;C:\Program Files\NetBeans 8.0.2\enterprise\modules\ext\struts\jstl-1.0.2.jar;C:\Program Files\NetBeans 8.0.2\enterprise\modules\ext\struts\oro-2.0.8.jar;C:\Program Files\NetBeans 8.0.2\enterprise\modules\ext\struts\standard-1.0.6.jar;C:\Program Files\NetBeans 8.0.2\enterprise\modules\ext\struts\struts-core-1.3.10.jar;C:\Program Files\NetBeans 8.0.2\enterprise\modules\ext\struts\struts-el-1.3.10.jar;C:\Program Files\NetBeans 8.0.2\enterprise\modules\ext\struts\struts-extras-1.3.10.jar;C:\Program Files\NetBeans 8.0.2\enterprise\modules\ext\struts\struts-faces-1.3.10.jar;C:\Program Files\NetBeans 8.0.2\enterprise\modules\ext\struts\struts-mailreader-dao-1.3.10.jar;C:\Program Files\NetBeans 8.0.2\enterprise\modules\ext\struts\struts-scripting-1.3.10.jar;C:\Program Files\NetBeans 8.0.2\enterprise\modules\ext\struts\struts-taglib-1.3.10.jar;C:\Program Files\NetBeans 8.0.2\enterprise\modules\ext\struts\struts-tiles-1.3.10.jar" />
    <property name="org.openide.awt.SwingBrowserImpl.do-not-block-awt" value="false" />
    <property name="javac.includes.binary" value="C:\Users\itsme\Desktop\Project\build\test\classes\LMS\AA_ALL_TEST_CASES_RUN.class" />
    <property name="ant.home" value="C:\Program Files\NetBeans 8.0.2\extide\ant" />
    <property name="ant.file.Library_Management_System-impl" value="C:\Users\itsme\Desktop\Project\nbproject\build-impl.xml" />
    <property name="libs.testng.classpath" value="C:\Program Files\NetBeans 8.0.2\platform\modules\ext\testng-6.8.1-dist.jar" />
    <property name="libs.absolutelayout.maven-pom" value="" />
    <property name="ant.java.version" value="1.8" />
    <property name="java.library.path" value="C:\Program Files\Java\jdk1.8.0_181\jre\bin;C:\Windows\Sun\Java\bin;C:\Windows\system32;C:\Windows;C:\ProgramData\Anaconda3;C:\ProgramData\Anaconda3\Library\mingw-w64\bin;C:\ProgramData\Anaconda3\Library\usr\bin;C:\ProgramData\Anaconda3\Library\bin;C:\ProgramData\Anaconda3\Scripts;C:\Program Files (x86)\Common Files\Oracle\Java\javapath;C:\Windows\system32;C:\Windows;C:\Windows\System32\Wbem;C:\Windows\System32\WindowsPowerShell\v1.0\;C:\Program Files\Microsoft SQL Server\120\DTS\Binn\;C:\Program Files\Microsoft SQL Server\Client SDK\ODBC\110\Tools\Binn\;C:\Program Files (x86)\Microsoft SQL Server\120\Tools\Binn\;C:\Program Files\Microsoft SQL Server\120\Tools\Binn\;C:\Program Files (x86)\Microsoft SQL Server\120\Tools\Binn\ManagementStudio\;C:\Program Files (x86)\Microsoft SQL Server\120\DTS\Binn\;C:\Program Files\Git\cmd;C:\Program Files\Git\mingw64\bin;C:\Program Files\Git\usr\bin;C:\Users\itsme\.dnx\bin;C:\Program Files\Microsoft DNX\Dnvm\;C:\TDM-GCC-64\bin;C:\Program Files (x86)\Windows Kits\10\Windows Performance Toolkit\;C:\Program Files\Microsoft SQL Server\130\Tools\Binn\;C:\Program Files\Microsoft SQL Server\110\Tools\Binn\;C:\Users\itsme\AppData\Local\Programs\Python\Python37\Scripts;C:\Users\itsme\Anaconda3\Scripts;C:\Users\itsme\Anaconda3\Scripts;C:\Program Files\Microsoft VS Code\bin;C:\Program Files\nodejs\;C:\Program Files\Amazon\AWSCLI\bin\;C:\Users\itsme\AppData\Local\Programs\Python\Python37\Scripts\;C:\Users\itsme\AppData\Local\Programs\Python\Python37\;C:\Users\itsme\AppData\Local\Android\sdk\platform-tools\adb.exe;C:\Program Files\Java\jdk1.8.0_181\bin;C:\Users\itsme\AppData\Local\GitHubDesktop\bin;C:\Users\itsme\AppData\Roaming\npm;C:\Users\itsme\AppData\Local\Programs\Microsoft VS Code\bin;C:\Program FilesAmazon\AWSCLI\bin;C:\Program Files\heroku\bin;." />
    <property name="javadoc.author" value="false" />
    <property name="libs.metro.maven-pom" value="" />
    <property name="java.util.logging.config.class" value="org.netbeans.core.startup.TopLogging" />
    <property name="libs.spring-framework400.src" value="" />
    <property name="libs.PostgreSQLDriver.src" value="" />
    <property name="sun.arch.data.model" value="64" />
    <property name="basedir" value="C:\Users\itsme\Desktop\Project" />
    <property name="libs.jpa20-persistence.maven-pom" value="" />
    <property name="jar.compress" value="false" />
    <property name="file.reference.assertj-swing-3.8.0.jar" value="C:\Users\itsme\Desktop\assertj-swing-3.8.0.jar" />
    <property name="libs.javaee-web-api-7.0.classpath" value="C:\Program Files\NetBeans 8.0.2\enterprise\modules\ext\javaee-web-api-7.0.jar" />
    <property name="path.separator" value=";" />
    <property name="file.reference.assertj-core-3.8.0.jar" value="C:\Users\itsme\Desktop\assertj-core-3.8.0.jar" />
    <property name="libs.javaee-web-api-6.0.javadoc" value="C:\Program Files\NetBeans 8.0.2\enterprise\docs\javaee-doc-api.jar" />
    <property name="ant.junit.enabletestlistenerevents" value="true" />
    <property name="sun.io.unicode.encoding" value="UnicodeLittle" />
    <property name="libs.jaxws21.classpath" value="C:\Program Files\NetBeans 8.0.2\ide\modules\ext\jaxb\jaxb-impl.jar;C:\Program Files\NetBeans 8.0.2\ide\modules\ext\jaxb\jaxb-xjc.jar;C:\Program Files\NetBeans 8.0.2\java\modules\ext\jaxws22\FastInfoset.jar;C:\Program Files\NetBeans 8.0.2\java\modules\ext\jaxws22\gmbal-api-only.jar;C:\Program Files\NetBeans 8.0.2\java\modules\ext\jaxws22\ha-api.jar;C:\Program Files\NetBeans 8.0.2\java\modules\ext\jaxws22\javax.mail_1.4.jar;C:\Program Files\NetBeans 8.0.2\java\modules\ext\jaxws22\jaxws-rt.jar;C:\Program Files\NetBeans 8.0.2\java\modules\ext\jaxws22\jaxws-tools.jar;C:\Program Files\NetBeans 8.0.2\java\modules\ext\jaxws22\management-api.jar;C:\Program Files\NetBeans 8.0.2\java\modules\ext\jaxws22\mimepull.jar;C:\Program Files\NetBeans 8.0.2\java\modules\ext\jaxws22\policy.jar;C:\Program Files\NetBeans 8.0.2\java\modules\ext\jaxws22\saaj-impl.jar;C:\Program Files\NetBeans 8.0.2\java\modules\ext\jaxws22\stax-ex.jar;C:\Program Files\NetBeans 8.0.2\java\modules\ext\jaxws22\stax2-api.jar;C:\Program Files\NetBeans 8.0.2\java\modules\ext\jaxws22\streambuffer.jar;C:\Program Files\NetBeans 8.0.2\java\modules\ext\jaxws22\woodstox-core-asl.jar;C:\Program Files\NetBeans 8.0.2\java\modules\ext\jaxws22\api\jaxws-api.jar;C:\Program Files\NetBeans 8.0.2\java\modules\ext\jaxws22\api\jsr181-api.jar;C:\Program Files\NetBeans 8.0.2\java\modules\ext\jaxws22\api\javax.annotation.jar;C:\Program Files\NetBeans 8.0.2\java\modules\ext\jaxws22\api\saaj-api.jar;C:\Program Files\NetBeans 8.0.2\ide\modules\ext\jaxb\activation.jar;C:\Program Files\NetBeans 8.0.2\ide\modules\ext\jaxb\api\jaxb-api.jar;C:\Program Files\NetBeans 8.0.2\ide\modules\ext\jaxb\api\jsr173_1.0_api.jar" />
    <property name="libs.struts.src" value="" />
    <property name="compile.on.save" value="false" />
    <property name="apple.awt.graphics.UseQuartz" value="true" />
    <property name="user.language" value="en" />
    <property name="testng.mode" value="testng" />
    <property name="libs.JAXB-ENDORSED.maven-pom" value="" />
    <property name="libs.eclipselink.maven-pom" value="" />
    <property name="application.vendor" value="" />
    <property name="test.binaryincludes" value="&lt;nothing&gt;" />
    <property name="manifest.available" value="true" />
    <property name="libs.primefaces.javadoc" value="" />
    <property name="libs.spring-framework300.maven-pom" value="" />
    <property name="run.test.classpath" value="C:\Users\itsme\Desktop\sqljdbc4-chs-4.0.2206.100.jar:C:\Users\itsme\Desktop\junit-4.13.jar:C:\Users\itsme\Desktop\hamcrest-core-1.3.jar:C:\Users\itsme\Desktop\assertj-core-3.8.0.jar:C:\Users\itsme\Desktop\assertj-swing-3.8.0.jar:C:\Users\itsme\Desktop\fest-util-1.2.5.jar:C:\Program Files\NetBeans 8.0.2\java\modules\ext\beansbinding-1.2.1.jar:build/classes:derbyclient-10.2.2.0.jar:build/test/classes" />
    <property name="ant.project.invoked-targets" value="test-single" />
    <property name="test.binaryexcludes" value="" />
    <property name="libs.swing-layout.javadoc" value="C:\Program Files\NetBeans 8.0.2\platform\docs\swing-layout-1.0.4-doc.zip" />
    <property name="sun.java2d.dpiaware" value="true" />
    <property name="libs.hibernate4-persistence.maven-pom" value="" />
    <property name="libs.DataBindingME-SVG.classpath" value="C:\Program Files\NetBeans 8.0.2\mobility\modules\ext\netbeans_databindingme_svg.jar" />
    <property name="libs.PostgreSQLDriver.maven-pom" value="" />
    <property name="java.class.version" value="52.0" />
    <property name="libs.JAVADB_DRIVER_LABEL.classpath" value="C:\Program Files\glassfish-4.1\javadb\lib\derby.jar;C:\Program Files\glassfish-4.1\javadb\lib\derbyclient.jar;C:\Program Files\glassfish-4.1\javadb\lib\derbynet.jar" />
    <property name="libs.hibernate4-persistencemodelgen.maven-pom" value="" />
    <property name="libs.javaee-endorsed-api-6.0.src" value="" />
    <property name="libs.eclipselink.javadoc" value="C:\Program Files\NetBeans 8.0.2\java\modules\ext\docs\javax.persistence-2.1.0-doc.zip" />
    <property name="libs.jsp-compilation.maven-pom" value="" />
    <property name="user.properties.file" value="C:\Users\itsme\AppData\Roaming\NetBeans\8.0.2\build.properties" />
    <property name="runtime.encoding" value="UTF-8" />
    <property name="libs.javac-api.maven-pom" value="" />
    <property name="file.encoding.pkg" value="sun.io" />
    <property name="sun.cpu.endian" value="little" />
    <property name="libs.JAXB-ENDORSED.javadoc" value="" />
    <property name="libs.JWSAntTasks.classpath" value="C:\Program Files\NetBeans 8.0.2\java\ant\extra\org-netbeans-modules-javawebstart-anttasks.jar" />
    <property name="libs.spring-webmvc4.0.maven-pom" value="" />
    <property name="libs.spring-framework300.src" value="" />
    <property name="libs.jstl.src" value="" />
    <property name="empty.dir" value="C:\Users\itsme\Desktop\Project\build\empty" />
    <property name="version-output" value="java version &quot;1.8" />
    <property name="test.binarytestincludes" value="" />
    <property name="libs.hibernate4-persistencemodelgen.src" value="" />
    <property name="javadoc.preview" value="true" />
    <property name="libs.jpa20-persistence.javadoc" value="C:\Program Files\NetBeans 8.0.2\java\modules\ext\docs\javax.persistence-2.1.0-doc.zip" />
    <property name="java.home" value="C:\Program Files\Java\jdk1.8.0_181\jre" />
    <property name="libs.jsp-compilation.src" value="" />
    <property name="debug.test.classpath" value="C:\Users\itsme\Desktop\sqljdbc4-chs-4.0.2206.100.jar:C:\Users\itsme\Desktop\junit-4.13.jar:C:\Users\itsme\Desktop\hamcrest-core-1.3.jar:C:\Users\itsme\Desktop\assertj-core-3.8.0.jar:C:\Users\itsme\Desktop\assertj-swing-3.8.0.jar:C:\Users\itsme\Desktop\fest-util-1.2.5.jar:C:\Program Files\NetBeans 8.0.2\java\modules\ext\beansbinding-1.2.1.jar:build/classes:derbyclient-10.2.2.0.jar:build/test/classes" />
    <property name="libs.javaee-endorsed-api-6.0.classpath" value="C:\Program Files\NetBeans 8.0.2\enterprise\modules\ext\javaee6-endorsed\javax.annotation.jar;C:\Program Files\NetBeans 8.0.2\enterprise\modules\ext\javaee6-endorsed\jaxb-api-osgi.jar;C:\Program Files\NetBeans 8.0.2\enterprise\modules\ext\javaee6-endorsed\webservices-api-osgi.jar" />
    <property name="libs.javaee-api-6.0.src" value="" />
    <property name="netbeans.importclass" value="org.netbeans.upgrade.AutoUpgrade" />
    <property name="ant.project.default-target" value="default" />
    <property name="annotation.processing.run.all.processors" value="true" />
    <property name="jar.archive.disabled" value="false" />
    <property name="jnlp.signing.alias" value="" />
    <property name="libs.DataBindingME.maven-pom" value="" />
    <property name="libs.PostgreSQLDriver.javadoc" value="" />
    <property name="libs.restlib.classpath" value="C:\Program Files\NetBeans 8.0.2\enterprise\modules\ext\jersey2\ext\asm-all-repackaged-2.2.0-b21.jar;C:\Program Files\NetBeans 8.0.2\enterprise\modules\ext\jersey2\ext\cglib-2.2.0-b21.jar;C:\Program Files\NetBeans 8.0.2\enterprise\modules\ext\jersey2\ext\guava-14.0.1.jar;C:\Program Files\NetBeans 8.0.2\enterprise\modules\ext\jersey2\ext\hk2-api-2.2.0-b21.jar;C:\Program Files\NetBeans 8.0.2\enterprise\modules\ext\jersey2\ext\hk2-locator-2.2.0-b21.jar;C:\Program Files\NetBeans 8.0.2\enterprise\modules\ext\jersey2\ext\hk2-utils-2.2.0-b21.jar;C:\Program Files\NetBeans 8.0.2\enterprise\modules\ext\jersey2\ext\javax.annotation-api-1.2.jar;C:\Program Files\NetBeans 8.0.2\enterprise\modules\ext\jersey2\ext\javax.inject-2.2.0-b21.jar;C:\Program Files\NetBeans 8.0.2\enterprise\modules\ext\jersey2\ext\javax.servlet-api-3.0.1.jar;C:\Program Files\NetBeans 8.0.2\enterprise\modules\ext\jersey2\ext\jaxb-api-2.2.7.jar;C:\Program Files\NetBeans 8.0.2\enterprise\modules\ext\jersey2\ext\jersey-entity-filtering-2.5.1.jar;C:\Program Files\NetBeans 8.0.2\enterprise\modules\ext\jersey2\ext\jersey-media-moxy-2.5.1.jar;C:\Program Files\NetBeans 8.0.2\enterprise\modules\ext\jersey2\ext\org.osgi.core-4.2.0.jar;C:\Program Files\NetBeans 8.0.2\enterprise\modules\ext\jersey2\ext\osgi-resource-locator-1.0.1.jar;C:\Program Files\NetBeans 8.0.2\enterprise\modules\ext\jersey2\ext\persistence-api-1.0.jar;C:\Program Files\NetBeans 8.0.2\enterprise\modules\ext\jersey2\ext\validation-api-1.1.0.Final.jar;C:\Program Files\NetBeans 8.0.2\enterprise\modules\ext\jersey2\jersey-client.jar;C:\Program Files\NetBeans 8.0.2\enterprise\modules\ext\jersey2\jersey-common.jar;C:\Program Files\NetBeans 8.0.2\enterprise\modules\ext\jersey2\jersey-container-servlet.jar;C:\Program Files\NetBeans 8.0.2\enterprise\modules\ext\jersey2\jersey-container-servlet-core.jar;C:\Program Files\NetBeans 8.0.2\enterprise\modules\ext\jersey2\jersey-server.jar;C:\Program Files\NetBeans 8.0.2\java\modules\ext\eclipselink\eclipselink.jar" />
    <property name="libs.MySQLDriver.maven-pom" value="" />
    <property name="libs.hibernate4-persistence.javadoc" value="C:\Program Files\NetBeans 8.0.2\java\modules\ext\docs\javax.persistence-2.1.0-doc.zip" />
    <property name="libs.javaee-web-api-6.0.maven-pom" value="" />
    <property name="run.classpath" value="C:\Users\itsme\Desktop\sqljdbc4-chs-4.0.2206.100.jar:C:\Users\itsme\Desktop\junit-4.13.jar:C:\Users\itsme\Desktop\hamcrest-core-1.3.jar:C:\Users\itsme\Desktop\assertj-core-3.8.0.jar:C:\Users\itsme\Desktop\assertj-swing-3.8.0.jar:C:\Users\itsme\Desktop\fest-util-1.2.5.jar:C:\Program Files\NetBeans 8.0.2\java\modules\ext\beansbinding-1.2.1.jar:build/classes" />
    <property name="jna.boot.library.name" value="jnidispatch-410" />
    <property name="libs.javaee-endorsed-api-6.0.javadoc" value="C:\Program Files\NetBeans 8.0.2\enterprise\docs\javaee-doc-api.jar" />
    <property name="libs.javaee-api-7.0.classpath" value="C:\Program Files\NetBeans 8.0.2\enterprise\modules\ext\javaee-api-7.0.jar" />
    <property name="sun.awt.datatransfer.timeout" value="1000" />
    <property name="file.reference.sqljdbc4-2.0.jar" value="C:\Users\itsme\Desktop\sqljdbc4-chs-4.0.2206.100.jar" />
    <property name="libs.spring-webmvc3.0.javadoc" value="" />
    <property name="libs.jpa2-persistence.maven-pom" value="" />
    <property name="annotation.processing.enabled.in.editor" value="false" />
    <property name="libs.hibernate4-support.classpath" value="C:\Program Files\NetBeans 8.0.2\java\modules\ext\hibernate4\antlr-2.7.7.jar;C:\Program Files\NetBeans 8.0.2\java\modules\ext\hibernate4\c3p0-0.9.2.1.jar;C:\Program Files\NetBeans 8.0.2\java\modules\ext\hibernate4\hibernate-c3p0-4.3.1.Final.jar;C:\Program Files\NetBeans 8.0.2\java\modules\ext\hibernate4\mchange-commons-java-0.2.3.4.jar;C:\Program Files\NetBeans 8.0.2\java\modules\ext\hibernate4\dom4j-1.6.1.jar;C:\Program Files\NetBeans 8.0.2\java\modules\ext\hibernate4\ehcache-core-2.4.3.jar;C:\Program Files\NetBeans 8.0.2\java\modules\ext\hibernate4\hibernate-ehcache-4.3.1.Final.jar;C:\Program Files\NetBeans 8.0.2\java\modules\ext\hibernate4\hibernate-core-4.3.1.Final.jar;C:\Program Files\NetBeans 8.0.2\java\modules\ext\hibernate4\jboss-logging-3.1.3.GA.jar;C:\Program Files\NetBeans 8.0.2\java\modules\ext\hibernate4\hibernate-commons-annotations-4.0.4.Final.jar;C:\Program Files\NetBeans 8.0.2\java\modules\ext\hibernate4\hibernate-entitymanager-4.3.1.Final.jar;C:\Program Files\NetBeans 8.0.2\java\modules\ext\hibernate4\javassist-3.18.1-GA.jar;C:\Program Files\NetBeans 8.0.2\java\modules\ext\hibernate4\jboss-transaction-api_1.2_spec-1.0.0.Final.jar;C:\Program Files\NetBeans 8.0.2\java\modules\ext\hibernate4\slf4j-api-1.6.1.jar;C:\Program Files\NetBeans 8.0.2\java\modules\ext\hibernate4\slf4j-simple-1.6.1.jar" />
    <property name="nb.native.filechooser" value="false" />
    <property name="libs.restapi.src" value="" />
    <property name="sun.management.compiler" value="HotSpot 64-Bit Tiered Compilers" />
    <property name="libs.j2me_common_ant.javadoc" value="" />
    <property name="javac.deprecation" value="false" />
    <property name="javadoc.use" value="true" />
    <property name="sun.java2d.noddraw" value="true" />
    <property name="libs.jsp-compiler.classpath" value="C:\Program Files\NetBeans 8.0.2\enterprise\ant\extra\jspcompile.jar" />
    <property name="javac.processorpath" value="C:\Users\itsme\Desktop\sqljdbc4-chs-4.0.2206.100.jar:C:\Users\itsme\Desktop\junit-4.13.jar:C:\Users\itsme\Desktop\hamcrest-core-1.3.jar:C:\Users\itsme\Desktop\assertj-core-3.8.0.jar:C:\Users\itsme\Desktop\assertj-swing-3.8.0.jar:C:\Users\itsme\Desktop\fest-util-1.2.5.jar:C:\Program Files\NetBeans 8.0.2\java\modules\ext\beansbinding-1.2.1.jar" />
    <property name="javac.compilerargs" value="" />
    <property name="ant.file" value="C:\Users\itsme\Desktop\Project\build.xml" />
    <property name="libs.beans-binding.maven-pom" value="" />
    <property name="jnlp.codebase.type" value="no.codebase" />
    <property name="libs.hibernate4-support.javadoc" value="C:\Program Files\NetBeans 8.0.2\java\modules\ext\docs\javax.persistence-2.1.0-doc.zip" />
    <property name="libs.jsf12.classpath" value="C:\Program Files\NetBeans 8.0.2\enterprise\modules\ext\jsf-1_2\commons-beanutils.jar;C:\Program Files\NetBeans 8.0.2\enterprise\modules\ext\jsf-1_2\commons-collections.jar;C:\Program Files\NetBeans 8.0.2\enterprise\modules\ext\jsf-1_2\commons-digester.jar;C:\Program Files\NetBeans 8.0.2\enterprise\modules\ext\jsf-1_2\commons-logging.jar;C:\Program Files\NetBeans 8.0.2\enterprise\modules\ext\jsf-1_2\jsf-api.jar;C:\Program Files\NetBeans 8.0.2\enterprise\modules\ext\jsf-1_2\jsf-impl.jar" />
    <property name="libs.jstl.maven-pom" value="" />
    <property name="libs.restapi.maven-pom" value="" />
    <property name="libs.beans-binding.src" value="" />
    <property name="java.vm.specification.vendor" value="Oracle Corporation" />
    <property name="libs.DataBindingME-PIM.javadoc" value="C:\Program Files\NetBeans 8.0.2\mobility\modules\docs\netbeans_databindingme_pim-api.zip" />
    <property name="libs.swing-layout.src" value="C:\Program Files\NetBeans 8.0.2\platform\docs\swing-layout-1.0.4-src.zip" />
    <property name="org.openide.major.version" value="IDE/1" />
    <property name="java.vm.name" value="Java HotSpot(TM) 64-Bit Server VM" />
    <property name="netbeans.user" value="C:\Users\itsme\AppData\Roaming\NetBeans\8.0.2" />
    <property name="javadoc.additionalparam" value="" />
    <property name="jnlp.offline-allowed" value="false" />
    <property name="java.io.tmpdir" value="C:\Users\itsme\AppData\Local\Temp\" />
    <property name="java.vendor.url" value="http://java.oracle.com/" />
    <property name="endorsed.classpath.cmd.line.arg" value="" />
    <property name="junit.available" value="true" />
    <property name="libs.jsp-compiler.src" value="" />
    <property name="sun.boot.library.path" value="C:\Program Files\Java\jdk1.8.0_181\jre\bin" />
    <property name="have.sources" value="true" />
    <property name="debug.classpath" value="C:\Users\itsme\Desktop\sqljdbc4-chs-4.0.2206.100.jar:C:\Users\itsme\Desktop\junit-4.13.jar:C:\Users\itsme\Desktop\hamcrest-core-1.3.jar:C:\Users\itsme\Desktop\assertj-core-3.8.0.jar:C:\Users\itsme\Desktop\assertj-swing-3.8.0.jar:C:\Users\itsme\Desktop\fest-util-1.2.5.jar:C:\Program Files\NetBeans 8.0.2\java\modules\ext\beansbinding-1.2.1.jar:build/classes" />
    <property name="javac.external.vm" value="true" />
    <property name="javadoc.private" value="false" />
    <property name="test.src.dir" value="test" />
    <property name="libs.jsf20.classpath" value="C:\Program Files\NetBeans 8.0.2\enterprise\modules\ext\jsf-2_2\javax.faces.jar" />
    <property name="ap.processors.internal" value="" />
    <property name="meta.inf.dir" value="src/META-INF" />
    <property name="javadoc.encoding.used" value="UTF-8" />
    <property name="libs.DataBindingME-SVG.src" value="C:\Program Files\NetBeans 8.0.2\mobility\sources\netbeans_databindingme_svg-src.zip" />
    <property name="dist.jar" value="dist/Library_Management_System.jar" />
    <property name="libs.spring-framework400.maven-pom" value="" />
    <property name="java.runtime.name" value="Java(TM) SE Runtime Environment" />
    <property name="ant.project.name" value="Library_Management_System" />
    <property name="netbeans.hash.code" value="unique=NB_CND_EXTIDE_GFMOD_GROOVY_JAVA_JC_MOB_PHP_WEBCOMMON_WEBEE0b787b89b-c0c2-4caf-80f0-6c3d51c22e86_94d3bfcf-2e27-4a6e-8a3a-96530b7d8249" />
    <property name="netbeans.default_userdir_root" value="C:\Users\itsme\AppData\Roaming\NetBeans" />
    <property name="libs.jsp-compilation-syscp.maven-pom" value="" />
    <property name="sun.cpu.isalist" value="amd64" />
    <property name="libs.spring-framework400.javadoc" value="" />
    <property name="libs.CopyLibs.javadoc" value="" />
    <property name="org.openide.specification.version" value="6.2" />
    <property name="libs.DataBindingME-PIM.classpath" value="C:\Program Files\NetBeans 8.0.2\mobility\modules\ext\netbeans_databindingme_pim.jar" />
    <property name="user.home" value="C:\Users\itsme" />
    <property name="annotation.processing.processors.list" value="" />
    <property name="auxiliary.org-netbeans-spi-editor-hints-projects.perProjectHintSettingsEnabled" value="true" />
    <property name="libs.primefaces.maven-pom" value="" />
    <property name="debug-args-line" value="-Xdebug" />
    <property name="libs.javaee-api-6.0.maven-pom" value="" />
    <property name="libs.JWSAntTasks.src" value="" />
    <property name="jar.index" value="false" />
    <property name="libs.CopyLibs.maven-pom" value="" />
    <property name="libs.spring-framework300.javadoc" value="" />
    <property name="libs.absolutelayout.javadoc" value="" />
    <property name="java.specification.name" value="Java Platform API Specification" />
    <property name="do.archive+main.class.available" value="true" />
    <property name="jnlp.mixed.code" value="default" />
    <property name="java.specification.vendor" value="Oracle Corporation" />
    <property name="libs.javac-api.classpath" value="C:\Program Files\NetBeans 8.0.2\java\modules\ext\nb-javac-api.jar" />
    <property name="java.version" value="1.8.0_181" />
    <property name="run.jvmargs.ide" value="" />
    <property name="javadoc.version" value="false" />
    <property name="libs.MySQLDriver.javadoc" value="" />
    <property name="org.openide.version" value="deprecated" />
    <property name="platform.java" value="C:\Program Files\Java\jdk1.8.0_181\jre/bin/java" />
    <property name="source.encoding" value="UTF-8" />
    <property name="ap.cmd.line.internal" value="" />
    <property name="libs.eclipselinkmodelgen.maven-pom" value="" />
    <property name="libs.jsp-compilation-syscp.javadoc" value="" />
    <property name="libs.eclipselinkmodelgen.javadoc" value="" />
    <property name="libs.javaee-endorsed-api-7.0.classpath" value="C:\Program Files\NetBeans 8.0.2\enterprise\modules\ext\javaee7-endorsed\javax.annotation-api.jar;C:\Program Files\NetBeans 8.0.2\enterprise\modules\ext\javaee7-endorsed\javax.xml.soap-api.jar;C:\Program Files\NetBeans 8.0.2\enterprise\modules\ext\javaee7-endorsed\jaxb-api-osgi.jar;C:\Program Files\NetBeans 8.0.2\enterprise\modules\ext\javaee7-endorsed\jaxws-api.jar;C:\Program Files\NetBeans 8.0.2\enterprise\modules\ext\javaee7-endorsed\jsr181-api.jar" />
    <property name="libs.metro.javadoc" value="C:\Program Files\NetBeans 8.0.2\enterprise\docs\metro-1.4-doc.zip" />
    <property name="libs.struts.maven-pom" value="" />
    <property name="netbeans.home+have.tests" value="true" />
    <property name="annotation.processing.processor.options" value="" />
    <property name="libs.testng.maven-pom" value="" />
    <property name="libs.jaxb.src" value="" />
    <property name="work.dir" value="C:\Users\itsme\Desktop\Project" />
    <property name="libs.jaxb.classpath" value="C:\Program Files\NetBeans 8.0.2\ide\modules\ext\jaxb\jaxb-impl.jar;C:\Program Files\NetBeans 8.0.2\ide\modules\ext\jaxb\jaxb-xjc.jar;C:\Program Files\NetBeans 8.0.2\ide\modules\ext\jaxb\jaxb1-impl.jar;C:\Program Files\NetBeans 8.0.2\ide\modules\ext\jaxb\activation.jar;C:\Program Files\NetBeans 8.0.2\ide\modules\ext\jaxb\api\jaxb-api.jar;C:\Program Files\NetBeans 8.0.2\ide\modules\ext\jaxb\api\jsr173_1.0_api.jar" />
    <property name="do.depend" value="false" />
    <property name="libs.j2me_common_ant.classpath" value="C:\Program Files\NetBeans 8.0.2\mobility\modules\org-netbeans-modules-j2me-common-ant.jar;C:\Program Files\NetBeans 8.0.2\java\modules\org-netbeans-modules-classfile.jar" />
    <property name="dist.javadoc.dir" value="dist/javadoc" />
    <property name="libs.spring-webmvc3.0.classpath" value="C:\Program Files\NetBeans 8.0.2\java\modules\ext\spring-3.0\spring-webmvc-3.2.7.RELEASE.jar" />
    <property name="libs.swing-layout.classpath" value="C:\Program Files\NetBeans 8.0.2\platform\modules\ext\swing-layout-1.0.4.jar" />
    <property name="libs.javaee-web-api-7.0.maven-pom" value="" />
    <property name="libs.restlib.src" value="" />
    <property name="javac.source" value="1.8" />
    <property name="build.generated.dir" value="build/generated" />
    <property name="line.separator" value="&#xd;&#xa;" />
    <property name="java.specification.version" value="1.8" />
    <property name="java.vm.info" value="mixed mode" />
    <property name="libs.jaxws21.maven-pom" value="" />
    <property name="nb.junit.batch" value="true" />
    <property name="junit.forkmode" value="perTest" />
    <property name="ant.file.type.Library_Management_System" value="file" />
    <property name="file.reference.hamcrest-core-1.3.jar" value="C:\Users\itsme\Desktop\hamcrest-core-1.3.jar" />
    <property name="sun.boot.class.path" value="C:\Program Files\Java\jdk1.8.0_181\jre\lib\resources.jar;C:\Program Files\Java\jdk1.8.0_181\jre\lib\rt.jar;C:\Program Files\Java\jdk1.8.0_181\jre\lib\sunrsasign.jar;C:\Program Files\Java\jdk1.8.0_181\jre\lib\jsse.jar;C:\Program Files\Java\jdk1.8.0_181\jre\lib\jce.jar;C:\Program Files\Java\jdk1.8.0_181\jre\lib\charsets.jar;C:\Program Files\Java\jdk1.8.0_181\jre\lib\jfr.jar;C:\Program Files\Java\jdk1.8.0_181\jre\classes" />
    <property name="javac.target" value="1.8" />
    <property name="built-jar.properties" value="C:\Users\itsme\Desktop\Project\build\built-jar.properties" />
    <property name="build.test.classes.dir" value="build/test/classes" />
    <property name="src.dir" value="src" />
    <property name="sun.awt.keepWorkingSetOnMinimize" value="true" />
    <property name="libs.jpa2-persistence.src" value="" />
    <property name="annotation.processing.enabled" value="true" />
    <property name="libs.jsf20.src" value="" />
    <property name="libs.jpa20-persistence.src" value="" />
    <property name="libs.DataBindingME-SVG.maven-pom" value="" />
    <property name="libs.jsf12.src" value="" />
    <property name="libs.JAVADB_DRIVER_LABEL.maven-pom" value="" />
    <property name="libs.struts.javadoc" value="C:\Program Files\NetBeans 8.0.2\enterprise\docs\struts-1.3.10-javadoc.zip" />
    <property name="ignore.failing.tests" value="true" />
    <property name="libs.javaee-web-api-7.0.src" value="" />
    <property name="libs.primefaces.src" value="" />
    <property name="dist.dir" value="dist" />
    <property name="libs.groovy-all.javadoc" value="" />
    <property name="testng.debug.mode" value="" />
    <property name="libs.groovy-all.classpath" value="C:\Program Files\NetBeans 8.0.2\groovy\modules\ext\groovy-all.jar" />
    <property name="javac.fork" value="true" />
    <property name="java.awt.printerjob" value="sun.awt.windows.WPrinterJob" />
    <property name="default.javac.source" value="1.8" />
    <property name="debug-transport-by-os" value="dt_shmem" />
    <property name="sun.jnu.encoding" value="Cp1252" />
    <property name="libs.MySQLDriver.src" value="" />
    <property name="build.test.results.dir" value="build/test/results" />
    <property name="java.runtime.version" value="1.8.0_181-b13" />
    <property name="default.javac.target" value="1.8" />
    <property name="user.timezone" value="" />
    <property name="nb.junit.single" value="false" />
    <property name="do.jar" value="true" />
    <property name="libs.javaee-endorsed-api-6.0.maven-pom" value="" />
    <property name="libs.JAVADB_DRIVER_LABEL.javadoc" value="" />
    <property name="netbeans.dirs" value="C:\Program Files\NetBeans 8.0.2\nb;C:\Program Files\NetBeans 8.0.2\ergonomics;C:\Program Files\NetBeans 8.0.2\ide;C:\Program Files\NetBeans 8.0.2\extide;C:\Program Files\NetBeans 8.0.2\java;C:\Program Files\NetBeans 8.0.2\apisupport;C:\Program Files\NetBeans 8.0.2\webcommon;C:\Program Files\NetBeans 8.0.2\websvccommon;C:\Program Files\NetBeans 8.0.2\enterprise;C:\Program Files\NetBeans 8.0.2\mobility;C:\Program Files\NetBeans 8.0.2\profiler;C:\Program Files\NetBeans 8.0.2\python;C:\Program Files\NetBeans 8.0.2\php;C:\Program Files\NetBeans 8.0.2\identity;C:\Program Files\NetBeans 8.0.2\harness;C:\Program Files\NetBeans 8.0.2\cnd;C:\Program Files\NetBeans 8.0.2\dlight;C:\Program Files\NetBeans 8.0.2\groovy;C:\Program Files\NetBeans 8.0.2\extra;C:\Program Files\NetBeans 8.0.2\javacard;C:\Program Files\NetBeans 8.0.2\javafx" />
    <property name="libs.jstl.javadoc" value="C:\Program Files\NetBeans 8.0.2\enterprise\docs\javaee-doc-api.jar" />
    <property name="libs.jsf20.javadoc" value="C:\Program Files\NetBeans 8.0.2\enterprise\docs\javaee-doc-api.jar" />
    <property name="java.ext.dirs" value="C:\Program Files\Java\jdk1.8.0_181\jre\lib\ext;C:\Windows\Sun\Java\lib\ext" />
    <property name="libs.metro.src" value="" />
    <property name="endorsed.classpath" value="" />
    <property name="libs.absolutelayout.classpath" value="C:\Program Files\NetBeans 8.0.2\java\modules\ext\AbsoluteLayout.jar" />
    <property name="excludes" value="" />
    <property name="libs.restlib.maven-pom" value="" />
    <property name="libs.metro.classpath" value="C:\Program Files\NetBeans 8.0.2\ide\modules\ext\jaxb\activation.jar;C:\Program Files\NetBeans 8.0.2\enterprise\modules\ext\metro\webservices-api.jar;C:\Program Files\NetBeans 8.0.2\enterprise\modules\ext\metro\webservices-extra-api.jar;C:\Program Files\NetBeans 8.0.2\enterprise\modules\ext\metro\webservices-extra.jar;C:\Program Files\NetBeans 8.0.2\enterprise\modules\ext\metro\webservices-rt.jar;C:\Program Files\NetBeans 8.0.2\enterprise\modules\ext\metro\webservices-tools.jar" />
    <property name="config" value="1" />
    <property name="libs.jpa2-persistence.javadoc" value="C:\Program Files\NetBeans 8.0.2\java\modules\ext\docs\javax.persistence-2.1.0-doc.zip" />
    <property name="libs.DataBindingME.javadoc" value="C:\Program Files\NetBeans 8.0.2\mobility\modules\docs\netbeans_databindingme-api.zip" />
    <property name="java.class.path" value="C:\Users\itsme\Desktop\sqljdbc4-chs-4.0.2206.100.jar;C:\Users\itsme\Desktop\junit-4.13.jar;C:\Users\itsme\Desktop\hamcrest-core-1.3.jar;C:\Users\itsme\Desktop\assertj-core-3.8.0.jar;C:\Users\itsme\Desktop\assertj-swing-3.8.0.jar;C:\Users\itsme\Desktop\fest-util-1.2.5.jar;C:\Program Files\NetBeans 8.0.2\java\modules\ext\beansbinding-1.2.1.jar;C:\Users\itsme\Desktop\Project\build\classes;C:\Users\itsme\Desktop\Project\derbyclient-10.2.2.0.jar;C:\Users\itsme\Desktop\Project\build\test\classes;C:\Program Files\NetBeans 8.0.2\extide\ant\lib\ant-launcher.jar;C:\Program Files\NetBeans 8.0.2\extide\ant\lib\ant.jar;C:\Program Files\NetBeans 8.0.2\extide\ant\lib\ant-junit.jar;C:\Program Files\NetBeans 8.0.2\extide\ant\lib\ant-junit4.jar" />
    <property name="apple.laf.useScreenMenuBar" value="true" />
    <property name="do.mkdist" value="true" />
    <property name="libs.absolutelayout.src" value="" />
    <property name="libs.jpa20-persistence.classpath" value="C:\Program Files\NetBeans 8.0.2\java\modules\ext\eclipselink\javax.persistence_2.1.0.v201304241213.jar" />
    <property name="os.version" value="10.0" />
    <property name="application.args" value="" />
    <property name="manifest.custom.permissions" value="" />
    <property name="libs.javaee-api-7.0.maven-pom" value="" />
    <property name="main.class.available" value="true" />
    <property name="sun.awt.enableExtraMouseButtons" value="true" />
    <property name="sun.desktop" value="windows" />
    <property name="libs.hibernate4-persistence.src" value="" />
    <property name="auxiliary.org-netbeans-spi-editor-hints-projects.perProjectHintSettingsFile" value="nbproject/cfg_hints.xml" />
    <property name="libs.hibernate4-support.maven-pom" value="" />
    <property name="ant.file.type.Library_Management_System-impl" value="file" />
    <property name="libs.restlib.javadoc" value="" />
    <property name="libs.JAXB-ENDORSED.classpath" value="C:\Program Files\NetBeans 8.0.2\ide\modules\ext\jaxb\api\jaxb-api.jar" />
    <property name="nb.internal.action.name" value="test.single" />
    <property name="libs.javaee-api-7.0.javadoc" value="C:\Program Files\NetBeans 8.0.2\enterprise\docs\javaee-doc-api.jar" />
    <property name="libs.eclipselink.classpath" value="C:\Program Files\NetBeans 8.0.2\java\modules\ext\eclipselink\eclipselink.jar;C:\Program Files\NetBeans 8.0.2\java\modules\ext\eclipselink\javax.persistence_2.1.0.v201304241213.jar;C:\Program Files\NetBeans 8.0.2\java\modules\ext\eclipselink\org.eclipse.persistence.jpa.jpql_2.5.2.v20140319-9ad6abd.jar" />
    <property name="java.awt.graphicsenv" value="sun.awt.Win32GraphicsEnvironment" />
    <property name="libs.beans-binding.javadoc" value="C:\Program Files\NetBeans 8.0.2\java\docs\beansbinding-1.2.1-doc.zip" />
    <property name="java.vm.vendor" value="Oracle Corporation" />
    <property name="libs.CopyLibs.classpath" value="C:\Program Files\NetBeans 8.0.2\java\ant\extra\org-netbeans-modules-java-j2seproject-copylibstask.jar" />
    <property name="libs.spring-framework300.classpath" value="C:\Program Files\NetBeans 8.0.2\ide\modules\org-apache-commons-logging.jar;C:\Program Files\NetBeans 8.0.2\java\modules\ext\cglib-2.2.jar;C:\Program Files\NetBeans 8.0.2\java\modules\ext\spring-3.0\spring-aop-3.2.7.RELEASE.jar;C:\Program Files\NetBeans 8.0.2\java\modules\ext\spring-3.0\spring-aspects-3.2.7.RELEASE.jar;C:\Program Files\NetBeans 8.0.2\java\modules\ext\spring-3.0\spring-beans-3.2.7.RELEASE.jar;C:\Program Files\NetBeans 8.0.2\java\modules\ext\spring-3.0\spring-build-src-3.2.7.RELEASE.jar;C:\Program Files\NetBeans 8.0.2\java\modules\ext\spring-3.0\spring-context-3.2.7.RELEASE.jar;C:\Program Files\NetBeans 8.0.2\java\modules\ext\spring-3.0\spring-context-support-3.2.7.RELEASE.jar;C:\Program Files\NetBeans 8.0.2\java\modules\ext\spring-3.0\spring-core-3.2.7.RELEASE.jar;C:\Program Files\NetBeans 8.0.2\java\modules\ext\spring-3.0\spring-expression-3.2.7.RELEASE.jar;C:\Program Files\NetBeans 8.0.2\java\modules\ext\spring-3.0\spring-framework-bom-3.2.7.RELEASE.jar;C:\Program Files\NetBeans 8.0.2\java\modules\ext\spring-3.0\spring-instrument-3.2.7.RELEASE.jar;C:\Program Files\NetBeans 8.0.2\java\modules\ext\spring-3.0\spring-instrument-tomcat-3.2.7.RELEASE.jar;C:\Program Files\NetBeans 8.0.2\java\modules\ext\spring-3.0\spring-jdbc-3.2.7.RELEASE.jar;C:\Program Files\NetBeans 8.0.2\java\modules\ext\spring-3.0\spring-jms-3.2.7.RELEASE.jar;C:\Program Files\NetBeans 8.0.2\java\modules\ext\spring-3.0\spring-orm-3.2.7.RELEASE.jar;C:\Program Files\NetBeans 8.0.2\java\modules\ext\spring-3.0\spring-oxm-3.2.7.RELEASE.jar;C:\Program Files\NetBeans 8.0.2\java\modules\ext\spring-3.0\spring-struts-3.2.7.RELEASE.jar;C:\Program Files\NetBeans 8.0.2\java\modules\ext\spring-3.0\spring-test-3.2.7.RELEASE.jar;C:\Program Files\NetBeans 8.0.2\java\modules\ext\spring-3.0\spring-tx-3.2.7.RELEASE.jar;C:\Program Files\NetBeans 8.0.2\java\modules\ext\spring-3.0\spring-web-3.2.7.RELEASE.jar;C:\Program Files\NetBeans 8.0.2\java\modules\ext\spring-3.0\spring-webmvc-3.2.7.RELEASE.jar;C:\Program Files\NetBeans 8.0.2\java\modules\ext\spring-3.0\spring-webmvc-portlet-3.2.7.RELEASE.jar" />
    <property name="libs.jsp-compiler.maven-pom" value="" />
    <property name="run.jvmargs" value="" />
    <property name="libs.hibernate4-persistence.classpath" value="C:\Program Files\NetBeans 8.0.2\java\modules\ext\hibernate4\antlr-2.7.7.jar;C:\Program Files\NetBeans 8.0.2\java\modules\ext\hibernate4\c3p0-0.9.2.1.jar;C:\Program Files\NetBeans 8.0.2\java\modules\ext\hibernate4\hibernate-c3p0-4.3.1.Final.jar;C:\Program Files\NetBeans 8.0.2\java\modules\ext\hibernate4\mchange-commons-java-0.2.3.4.jar;C:\Program Files\NetBeans 8.0.2\java\modules\ext\hibernate4\dom4j-1.6.1.jar;C:\Program Files\NetBeans 8.0.2\java\modules\ext\hibernate4\ehcache-core-2.4.3.jar;C:\Program Files\NetBeans 8.0.2\java\modules\ext\hibernate4\hibernate-ehcache-4.3.1.Final.jar;C:\Program Files\NetBeans 8.0.2\java\modules\ext\hibernate4\hibernate-core-4.3.1.Final.jar;C:\Program Files\NetBeans 8.0.2\java\modules\ext\hibernate4\jboss-logging-3.1.3.GA.jar;C:\Program Files\NetBeans 8.0.2\java\modules\ext\hibernate4\hibernate-commons-annotations-4.0.4.Final.jar;C:\Program Files\NetBeans 8.0.2\java\modules\ext\hibernate4\hibernate-entitymanager-4.3.1.Final.jar;C:\Program Files\NetBeans 8.0.2\java\modules\ext\hibernate4\javassist-3.18.1-GA.jar;C:\Program Files\NetBeans 8.0.2\java\modules\ext\hibernate4\jboss-transaction-api_1.2_spec-1.0.0.Final.jar;C:\Program Files\NetBeans 8.0.2\java\modules\ext\hibernate4\slf4j-api-1.6.1.jar;C:\Program Files\NetBeans 8.0.2\java\modules\ext\hibernate4\slf4j-simple-1.6.1.jar;C:\Program Files\NetBeans 8.0.2\java\modules\ext\hibernate4\hibernate-jpa-2.1-api-1.0.0.Final.jar" />
    <property name="libs.JAXB-ENDORSED.src" value="" />
    <property name="dist.archive.excludes" value="" />
    <property name="libs.testng.javadoc" value="C:\Program Files\NetBeans 8.0.2\platform\docs\testng-6.8.1-javadoc.zip" />
    <property name="libs.DataBindingME-PIM.src" value="C:\Program Files\NetBeans 8.0.2\mobility\sources\netbeans_databindingme_pim-src.zip" />
    <property name="user.script" value="" />
    <property name="libs.PostgreSQLDriver.classpath" value="C:\Program Files\NetBeans 8.0.2\ide\modules\ext\postgresql-9.2-1002.jdbc4.jar" />
    <property name="libs.jsf12.maven-pom" value="" />
    <property name="jnlp.signing" value="" />
    <property name="libs.hibernate4-persistencemodelgen.classpath" value="C:\Program Files\NetBeans 8.0.2\java\modules\ext\hibernate4\hibernate-jpamodelgen-4.3.1.Final.jar" />
    <property name="jnlp.signed" value="false" />
    <property name="annotation.processing.source.output" value="build/generated-sources/ap-source-output" />
    <property name="main.class" value="LMS.Main" />
    <property name="libs.CopyLibs.src" value="" />
    <property name="build.dir" value="build" />
    <property name="libs.jsp-compilation.classpath" value="C:\Program Files\NetBeans 8.0.2\extide\ant\lib\ant.jar;C:\Program Files\NetBeans 8.0.2\enterprise\modules\ext\servlet3.1-jsp2.3-api.jar;C:\Program Files\NetBeans 8.0.2\enterprise\modules\ext\glassfish-jspparser-4.0.jar;C:\Program Files\NetBeans 8.0.2\enterprise\modules\ext\jsf-2_2\javax.faces.jar;C:\Program Files\NetBeans 8.0.2\enterprise\modules\ext\jstl-api.jar;C:\Program Files\NetBeans 8.0.2\extide\ant\lib\ant-launcher.jar" />
    <property name="ant.version" value="Apache Ant(TM) version 1.9.4 compiled on April 29 2014" />
    <property name="file.encoding" value="Cp1252" />
    <property name="build.classes.excludes" value="**/*.java,**/*.form" />
    <property name="jdkBug6558476" value="false" />
    <property name="javadoc.nonavbar" value="false" />
    <property name="libs.spring-webmvc4.0.classpath" value="C:\Program Files\NetBeans 8.0.2\java\modules\ext\spring-4\spring-webmvc-4.0.1.RELEASE.jar" />
    <property name="platform.active" value="default_platform" />
    <property name="awt.toolkit" value="sun.awt.windows.WToolkit" />
    <property name="libs.javaee-web-api-7.0.javadoc" value="C:\Program Files\NetBeans 8.0.2\enterprise\docs\javaee-doc-api.jar" />
  </properties>
  <testcase classname="LMS.AddBookUIIT" name="AddBookTestCase1" time="7.903" />
  <testcase classname="LMS.AddBookUIIT" name="AddBookTestCase2" time="4.813" />
  <testcase classname="LMS.AddBookUIIT" name="AddBookTestCase3" time="6.202" />
  <testcase classname="LMS.AddBookUIIT" name="AddBookTestCase4" time="6.453" />
  <testcase classname="LMS.AddBookUIIT" name="GoBack" time="2.813" />
  <testcase classname="LMS.AddBorrowerUIIT" name="AddBorrowerTestCase1" time="8.897" />
  <testcase classname="LMS.AddBorrowerUIIT" name="AddBorrowerTestCase2" time="9.673" />
  <testcase classname="LMS.AddBorrowerUIIT" name="AddBorrowerTestCase3" time="9.632" />
  <testcase classname="LMS.AddBorrowerUIIT" name="AddBorrowerTestCase4" time="6.158" />
  <testcase classname="LMS.AddBorrowerUIIT" name="AddBorrowerTestCase5" time="7.026" />
  <testcase classname="LMS.AddBorrowerUIIT" name="AddBorrowerTestCase6" time="8.06" />
  <testcase classname="LMS.AddBorrowerUIIT" name="AddBorrowerTestCase7" time="8.056" />
  <testcase classname="LMS.AddClerkUIIT" name="AddNewClerkTestCase1" time="6.474" />
  <testcase classname="LMS.AddClerkUIIT" name="AddNewClerkTestCase2" time="7.484" />
  <testcase classname="LMS.AddClerkUIIT" name="AddNewClerkTestCase3" time="7.325" />
  <testcase classname="LMS.AddClerkUIIT" name="AddNewClerkTestCase4" time="5.379" />
  <testcase classname="LMS.AddClerkUIIT" name="AddNewClerkTestCase5" time="4.499" />
  <testcase classname="LMS.AddClerkUIIT" name="AddNewClerkTestCase6" time="5.7" />
  <testcase classname="LMS.AddClerkUIIT" name="AddNewClerkTestCase7" time="5.705" />
  <testcase classname="LMS.AddClerkUIIT" name="AddNewLibrarianTestCase1" time="7.064" />
  <testcase classname="LMS.AddClerkUIIT" name="AddNewLibrarianTestCase2" time="7.874" />
  <testcase classname="LMS.AddClerkUIIT" name="AddNewLibrarianTestCase3" time="7.888" />
  <testcase classname="LMS.AddClerkUIIT" name="AddNewLibrarianTestCase4" time="5.461" />
  <testcase classname="LMS.AddClerkUIIT" name="AddNewLibrarianTestCase5" time="5.081" />
  <testcase classname="LMS.AddClerkUIIT" name="AddNewLibrarianTestCase6" time="6.183" />
  <testcase classname="LMS.AddClerkUIIT" name="AddNewLibrarianTestCase7" time="6.295" />
  <testcase classname="LMS.AdminUIIT" name="LogoutTestCase1" time="2.804" />
  <testcase classname="LMS.AdminUIIT" name="ViewBooksTestCase1" time="2.789" />
  <testcase classname="LMS.AdminUIIT" name="AddClerkTestCase1" time="2.802" />
  <testcase classname="LMS.AdminUIIT" name="AddLibrarianTestCase1" time="2.829" />
  <testcase classname="LMS.AdminUIIT" name="ViewIssueHistoryTestCase1" time="2.817" />
  <testcase classname="LMS.BorrowerInfoUIIT" name="ChangeBorrowerAddressTestCase1" time="7.985" />
  <testcase classname="LMS.BorrowerInfoUIIT" name="ChangeBorrowerAddressTestCase2" time="5.152" />
  <testcase classname="LMS.BorrowerInfoUIIT" name="ChangeBorrowerNameTestCase1" time="7.89" />
  <testcase classname="LMS.BorrowerInfoUIIT" name="ChangeBorrowerNameTestCase2" time="5.124" />
  <testcase classname="LMS.BorrowerInfoUIIT" name="DisplayBorrowerProfileTestCase1" time="3.332" />
  <testcase classname="LMS.BorrowerInfoUIIT" name="DisplayBorrowerProfileTestCase2" time="3.463" />
  <testcase classname="LMS.BorrowerInfoUIIT" name="DisplayBorrowerProfileTestCase3" time="4.321" />
  <testcase classname="LMS.BorrowerInfoUIIT" name="ChangeBorrowerPasswordTestCase1" time="5.194" />
  <testcase classname="LMS.BorrowerInfoUIIT" name="ChangeBorrowerPasswordTestCase2" time="5.131" />
  <testcase classname="LMS.BorrowerInfoUIIT" name="ChangeBorrowerPhoneTestCase1" time="5.787" />
  <testcase classname="LMS.BorrowerInfoUIIT" name="ChangeBorrowerPhoneTestCase2" time="7.817" />
  <testcase classname="LMS.BorrowerInfoUIIT" name="ChangeBorrowerPhoneTestCase3" time="5.115" />
  <testcase classname="LMS.BorrowerUIIT" name="ProfileInfoTestCase1" time="2.808" />
  <testcase classname="LMS.BorrowerUIIT" name="LogoutTestCase1" time="2.799" />
  <testcase classname="LMS.BorrowerUIIT" name="RequestQueueTestCase1" time="2.815" />
  <testcase classname="LMS.BorrowerUIIT" name="CheckFineTestCase1" time="2.824" />
  <testcase classname="LMS.BorrowerUIIT" name="SearchBookTestCase1" time="2.79" />
  <testcase classname="LMS.BorrowerUIIT" name="PlaceOnHoldTestCase1" time="2.795" />
  <testcase classname="LMS.ChangeBookInfoUIIT" name="UpdateBookSubjectTestCase1" time="7.782" />
  <testcase classname="LMS.ChangeBookInfoUIIT" name="UpdateBookSubjectTestCase2" time="5.125" />
  <testcase classname="LMS.ChangeBookInfoUIIT" name="GetBookTestCase1" time="3.325" />
  <testcase classname="LMS.ChangeBookInfoUIIT" name="GetBookTestCase2" time="3.597" />
  <testcase classname="LMS.ChangeBookInfoUIIT" name="GetBookTestCase3" time="4.231" />
  <testcase classname="LMS.ChangeBookInfoUIIT" name="UpdateBookTitleTestCase1" time="7.54" />
  <testcase classname="LMS.ChangeBookInfoUIIT" name="UpdateBookTitleTestCase2" time="5.117" />
  <testcase classname="LMS.ChangeBookInfoUIIT" name="UpdateBookAuthorTestCase1" time="5.165" />
  <testcase classname="LMS.ChangeBookInfoUIIT" name="UpdateBookAuthorTestCase2" time="5.12" />
  <testcase classname="LMS.ChangeBookInfoUIIT" name="GoBack" time="2.804" />
  <testcase classname="LMS.ClerkInfoUIIT" name="ShowClerkInfoTestCase1" time="3.091" />
  <testcase classname="LMS.ClerkInfoUIIT" name="ShowClerkInfoTestCase2" time="3.459" />
  <testcase classname="LMS.ClerkInfoUIIT" name="ShowClerkInfoTestCase3" time="3.787" />
  <testcase classname="LMS.ClerkInfoUIIT" name="GoBack" time="2.832" />
  <testcase classname="LMS.ClerkUIIT" name="CheckInBookTestCase1" time="2.812" />
  <testcase classname="LMS.ClerkUIIT" name="ProfileInfoTestCase1" time="2.789" />
  <testcase classname="LMS.ClerkUIIT" name="RenewBookTestCase1" time="2.788" />
  <testcase classname="LMS.ClerkUIIT" name="LogoutTestCase1" time="2.791" />
  <testcase classname="LMS.ClerkUIIT" name="AddBorrowerTestCase1" time="2.81" />
  <testcase classname="LMS.ClerkUIIT" name="CheckOutBookTestCase1" time="2.806" />
  <testcase classname="LMS.ClerkUIIT" name="RequestQueueTestCase1" time="2.785" />
  <testcase classname="LMS.ClerkUIIT" name="CheckFineTestCase1" time="2.792" />
  <testcase classname="LMS.ClerkUIIT" name="BorrowerInfoTestCase1" time="2.801" />
  <testcase classname="LMS.ClerkUIIT" name="SearchBookTestCase1" time="2.823" />
  <testcase classname="LMS.ClerkUIIT" name="PlaceOnHoldTestCase1" time="2.805" />
  <testcase classname="LMS.HoldBookUIIT" name="HoldBookOtherTestCase1" time="3.872" />
  <testcase classname="LMS.HoldBookUIIT" name="HoldBookOtherTestCase2" time="4.103" />
  <testcase classname="LMS.HoldBookUIIT" name="HoldBookOtherTestCase3" time="4.191" />
  <testcase classname="LMS.HoldBookUIIT" name="HoldBookOtherTestCase4" time="3.309" />
  <testcase classname="LMS.HoldBookUIIT" name="HoldBookOtherTestCase5" time="4.092" />
  <testcase classname="LMS.HoldBookUIIT" name="HoldBookOtherTestCase6" time="4.532" />
  <testcase classname="LMS.HoldBookUIIT" name="HoldBookOtherTestCase7" time="3.336" />
  <testcase classname="LMS.HoldBookUIIT" name="HoldBookBorrowerTestCase1" time="3.357" />
  <testcase classname="LMS.HoldBookUIIT" name="HoldBookBorrowerTestCase2" time="3.689" />
  <testcase classname="LMS.HoldBookUIIT" name="HoldBookBorrowerTestCase3" time="3.436" />
  <testcase classname="LMS.HoldBookUIIT" name="HoldBookBorrowerTestCase4" time="2.794" />
  <testcase classname="LMS.IssueBookUIIT" name="IssueBookTestCase1" time="2.858" />
  <testcase classname="LMS.IssueBookUIIT" name="IssueBookTestCase2" time="3.105" />
  <testcase classname="LMS.IssueBookUIIT" name="IssueBookTestCase3" time="3.21">
    <failure message="expected:&lt;false&gt; but was:&lt;true&gt;" type="junit.framework.AssertionFailedError">junit.framework.AssertionFailedError: expected:&lt;false&gt; but was:&lt;true&gt;
	at LMS.IssueBookUIIT.IssueBookTestCase3(IssueBookUIIT.java:70)
</failure>
  </testcase>
  <testcase classname="LMS.IssueBookUIIT" name="IssueBookTestCase4" time="2.315" />
  <testcase classname="LMS.IssueBookUIIT" name="IssueBookTestCase5" time="3.216" />
  <testcase classname="LMS.IssueBookUIIT" name="IssueBookTestCase6" time="3.533">
    <failure message="expected:&lt;false&gt; but was:&lt;true&gt;" type="junit.framework.AssertionFailedError">junit.framework.AssertionFailedError: expected:&lt;false&gt; but was:&lt;true&gt;
	at LMS.IssueBookUIIT.IssueBookTestCase6(IssueBookUIIT.java:102)
</failure>
  </testcase>
  <testcase classname="LMS.IssueBookUIIT" name="IssueBookTestCase7" time="2.348" />
  <testcase classname="LMS.IssueBookUIIT" name="GoBack" time="1.792" />
  <testcase classname="LMS.LibrarianInfoUIIT" name="ShowLibrarianInfo" time="2.789" />
  <testcase classname="LMS.LibrarianUIIT" name="Logout" time="2.788" />
  <testcase classname="LMS.LibrarianUIIT" name="CheckFine" time="2.79" />
  <testcase classname="LMS.LibrarianUIIT" name="AddBorrower" time="2.805" />
  <testcase classname="LMS.LibrarianUIIT" name="BorrowerInfo" time="2.813" />
  <testcase classname="LMS.LibrarianUIIT" name="RemoveBook" time="2.786" />
  <testcase classname="LMS.LibrarianUIIT" name="CheckOutBook" time="2.82" />
  <testcase classname="LMS.LibrarianUIIT" name="RenewBook" time="2.795" />
  <testcase classname="LMS.LibrarianUIIT" name="AddBook" time="2.797" />
  <testcase classname="LMS.LibrarianUIIT" name="ClerkInfo" time="2.821" />
  <testcase classname="LMS.LibrarianUIIT" name="SearchBook" time="2.798" />
  <testcase classname="LMS.LibrarianUIIT" name="RequestQueue" time="2.825" />
  <testcase classname="LMS.LibrarianUIIT" name="PlaceOnHold" time="2.806" />
  <testcase classname="LMS.LibrarianUIIT" name="ProfileInfo" time="2.788" />
  <testcase classname="LMS.LibrarianUIIT" name="BookInfo" time="2.786" />
  <testcase classname="LMS.LibrarianUIIT" name="CheckInBook" time="2.79" />
  <testcase classname="LMS.MainUIIT" name="OtherUserLoginTestCase1" time="3.599" />
  <testcase classname="LMS.MainUIIT" name="OtherUserLoginTestCase2" time="4.08" />
  <testcase classname="LMS.MainUIIT" name="OtherUserLoginTestCase3" time="3.856" />
  <testcase classname="LMS.MainUIIT" name="OtherUserLoginTestCase4" time="3.338" />
  <testcase classname="LMS.MainUIIT" name="OtherUserLoginTestCase5" time="3.083" />
  <testcase classname="LMS.MainUIIT" name="AdminLoginTestCase1" time="3.568" />
  <testcase classname="LMS.MainUIIT" name="AdminLoginTestCase2" time="3.036" />
  <testcase classname="LMS.MainUIIT" name="AdminLoginTestCase3" time="5.237" />
  <testcase classname="LMS.RemoveBookUIIT" name="RemoveBookTestCase1" time="3.326">
    <failure message="expected:&lt;false&gt; but was:&lt;true&gt;" type="junit.framework.AssertionFailedError">junit.framework.AssertionFailedError: expected:&lt;false&gt; but was:&lt;true&gt;
	at LMS.RemoveBookUIIT.RemoveBookTestCase1(RemoveBookUIIT.java:48)
</failure>
  </testcase>
  <testcase classname="LMS.RemoveBookUIIT" name="RemoveBookTestCase2" time="3.555" />
  <testcase classname="LMS.RemoveBookUIIT" name="RemoveBookTestCase3" time="3.605" />
  <testcase classname="LMS.RemoveBookUIIT" name="RemoveBookTestCase4" time="2.796" />
  <testcase classname="LMS.RemoveBookUIIT" name="GoBack" time="2.79" />
  <testcase classname="LMS.RenewBookUIIT" name="RenewBookIssueTestCase1" time="5.087" />
  <testcase classname="LMS.RenewBookUIIT" name="RenewBookIssueTestCase2" time="5.327" />
  <testcase classname="LMS.RenewBookUIIT" name="RenewBookIssueTestCase3" time="5.581" />
  <testcase classname="LMS.RenewBookUIIT" name="RenewBookIssueTestCase4" time="4.579" />
  <testcase classname="LMS.RenewBookUIIT" name="GetBooksTestCase1" time="3.341" />
  <testcase classname="LMS.RenewBookUIIT" name="GetBooksTestCase2" time="3.583" />
  <testcase classname="LMS.RenewBookUIIT" name="GetBooksTestCase3" time="3.453" />
  <testcase classname="LMS.RenewBookUIIT" name="GetBooksTestCase4" time="2.79" />
  <testcase classname="LMS.RenewBookUIIT" name="GoBack" time="2.786" />
  <testcase classname="LMS.SearchBookUIIT" name="SearchBookTitleTestCase1" time="3.542" />
  <testcase classname="LMS.SearchBookUIIT" name="SearchBookTitleTestCase2" time="2.792" />
  <testcase classname="LMS.SearchBookUIIT" name="SearchBookAuthorTestCase1" time="3.882" />
  <testcase classname="LMS.SearchBookUIIT" name="SearchBookAuthorTestCase2" time="3.014" />
  <testcase classname="LMS.SearchBookUIIT" name="SearchBookSubjectTestCase1" time="3.902" />
  <testcase classname="LMS.SearchBookUIIT" name="SearchBookSubjectTestCase2" time="3.05" />
  <testcase classname="LMS.SearchBookUIIT" name="GoBack" time="2.817" />
  <testcase classname="LMS.ShowBooksUIIT" name="ViewIssueHistoryTestCase1" time="2.802" />
  <testcase classname="LMS.ShowBooksUIIT" name="ViewAllBooksTestCase1" time="2.809" />
  <testcase classname="LMS.TotalFineUIIT" name="PayNowTestCase1" time="3.318" />
  <testcase classname="LMS.TotalFineUIIT" name="PayNowTestCase2" time="3.563" />
  <testcase classname="LMS.TotalFineUIIT" name="PayNowTestCase3" time="3.823" />
  <testcase classname="LMS.TotalFineUIIT" name="PayNowTestCase4" time="2.786" />
  <testcase classname="LMS.TotalFineUIIT" name="ComputeTotalFineTestCase1" time="3.323" />
  <testcase classname="LMS.TotalFineUIIT" name="ComputeTotalFineTestCase2" time="3.562" />
  <testcase classname="LMS.TotalFineUIIT" name="ComputeTotalFineTestCase3" time="3.687" />
  <testcase classname="LMS.TotalFineUIIT" name="ComputeTotalFineTestCase4" time="2.8" />
  <testcase classname="LMS.TotalFineUIIT" name="GoBack" time="2.774" />
  <testcase classname="LMS.ViewHoldRequestsUIIT" name="ViewHoldRequestsTestCase1" time="3.332" />
  <testcase classname="LMS.ViewHoldRequestsUIIT" name="ViewHoldRequestsTestCase2" time="3.665" />
  <testcase classname="LMS.ViewHoldRequestsUIIT" name="ViewHoldRequestsTestCase3" time="4.005" />
  <testcase classname="LMS.ViewHoldRequestsUIIT" name="ViewHoldRequestsTestCase4" time="2.784" />
  <testcase classname="LMS.ViewHoldRequestsUIIT" name="GoBack" time="2.815" />
  <system-out><![CDATA[DB Connected
1
100
No Books on Hold Yet!

Book with Title sample book title 1 is successfully created.
CLEARING NOW!
PERSON CLEARED!
DB Connected
1
100
No Books on Hold Yet!
DB Connected
1
100
No Books on Hold Yet!
DB Connected
1
100
No Books on Hold Yet!
DB Connected
1
100
No Books on Hold Yet!
DB Connected
1
100
No Books on Hold Yet!
CLEARING NOW!
PERSON CLEARED!
DB Connected
1
100
102
No Books on Hold Yet!
DB Connected
1
100
102
No Books on Hold Yet!
DB Connected
1
100
102
No Books on Hold Yet!
DB Connected
1
100
102
No Books on Hold Yet!
DB Connected
1
100
102
No Books on Hold Yet!
DB Connected
1
100
102
No Books on Hold Yet!
DB Connected
1
100
102
No Books on Hold Yet!
CLEARING NOW!
PERSON CLEARED!
DB Connected
1
100
102
No Books on Hold Yet!
DB Connected
1
100
102
No Books on Hold Yet!
DB Connected
1
100
102
No Books on Hold Yet!
DB Connected
1
100
102
No Books on Hold Yet!
DB Connected
1
100
102
No Books on Hold Yet!
DB Connected
1
100
102
No Books on Hold Yet!
DB Connected
1
100
102
No Books on Hold Yet!

Sorry, the library already has one librarian. New Librarian can't be created.
DB Connected
1
100
102
No Books on Hold Yet!
DB Connected
1
100
102
No Books on Hold Yet!
DB Connected
1
100
102
No Books on Hold Yet!
DB Connected
1
100
102
No Books on Hold Yet!
DB Connected
1
100
102
No Books on Hold Yet!
DB Connected
1
100
102
No Books on Hold Yet!
DB Connected
1
100
102
No Books on Hold Yet!
DB Connected
1
100
102
No Books on Hold Yet!
DB Connected
1
100
102
No Books on Hold Yet!
DB Connected
1
100
102
No Books on Hold Yet!
DB Connected
1
100
102
No Books on Hold Yet!
DB Connected
1
100
102
No Books on Hold Yet!
NewPass!:New Borrower Name:Street 233, Germany:12098
CLEARING NOW!
PERSON CLEARED!
DB Connected
1
100
102
No Books on Hold Yet!
DB Connected
1
100
102
No Books on Hold Yet!
NewPass!:New Borrower Name:Street 233, Germany:12098
CLEARING NOW!
PERSON CLEARED!
DB Connected
1
100
102
No Books on Hold Yet!
DB Connected
1
100
102
No Books on Hold Yet!
DB Connected
1
100
102
No Books on Hold Yet!
DB Connected
1
100
102
No Books on Hold Yet!
DB Connected
1
100
102
No Books on Hold Yet!
NewPass!:New Borrower Name:Street 233, Germany:12098
CLEARING NOW!
PERSON CLEARED!
DB Connected
1
100
102
No Books on Hold Yet!
DB Connected
1
100
102
No Books on Hold Yet!
NewPass!:New Borrower Name:Street 233, Germany:12098
CLEARING NOW!
PERSON CLEARED!
DB Connected
1
100
102
No Books on Hold Yet!
DB Connected
1
100
102
No Books on Hold Yet!
DB Connected
1
100
102
No Books on Hold Yet!
DB Connected
1
100
102
No Books on Hold Yet!
DB Connected
1
100
102
No Books on Hold Yet!
DB Connected
1
100
102
No Books on Hold Yet!
---------------------------------------------------------------------------------------------------------------------------------------------------------------------
No.		Book's Title		Borrower's Name			Issued Date			Returned Date				Fine(Rs)
-------------------------------------------------------------------------------------------------------------------------------------------------------------------
DB Connected
1
100
102
No Books on Hold Yet!
DB Connected
1
100
102
No Books on Hold Yet!
DB Connected
1
100
102
No Books on Hold Yet!
CLEARING NOW!
PERSON CLEARED!
DB Connected
1
100
102
No Books on Hold Yet!
DB Connected
1
100
102
No Books on Hold Yet!
DB Connected
1
100
102
No Books on Hold Yet!
DB Connected
1
100
102
No Books on Hold Yet!
DB Connected
1
100
102
No Books on Hold Yet!
CLEARING NOW!
PERSON CLEARED!
DB Connected
1
100
102
No Books on Hold Yet!
DB Connected
1
100
102
No Books on Hold Yet!
CLEARING NOW!
PERSON CLEARED!
DB Connected
1
100
102
No Books on Hold Yet!
DB Connected
1
100
102
No Books on Hold Yet!
DB Connected
1
100
102
No Books on Hold Yet!
DB Connected
1
100
102
No Books on Hold Yet!
DB Connected
1
100
102
No Books on Hold Yet!
DB Connected
1
100
102
No Books on Hold Yet!
DB Connected
1
100
102
No Books on Hold Yet!
DB Connected
1
100
102
No Books on Hold Yet!
DB Connected
1
100
102
No Books on Hold Yet!
DB Connected
1
100
102
No Books on Hold Yet!
DB Connected
1
100
102
No Books on Hold Yet!
DB Connected
1
100
102
No Books on Hold Yet!
DB Connected
1
100
102
No Books on Hold Yet!
DB Connected
1
100
102
No Books on Hold Yet!
DB Connected
1
100
102
No Books on Hold Yet!
DB Connected
1
100
102
No Books on Hold Yet!
DB Connected
1
100
102
No Books on Hold Yet!
DB Connected
1
100
102
No Books on Hold Yet!

The book New Book Title has been successfully placed on hold by borrower New Borrower Name.

CLEARING NOW!
PERSON CLEARED!
DB Connected
1
100
102
DB Connected
1
100
102
DB Connected
1
100
102
DB Connected
1
100
102
DB Connected
1
100
102
DB Connected
1
100
102
DB Connected
1
100
102

The book New Book Title has been successfully placed on hold by borrower .

CLEARING NOW!
PERSON CLEARED!
DB Connected
1
100
102
No Borrower has borrowed yet from Library
DB Connected
1
100
102
No Borrower has borrowed yet from Library
DB Connected
1
100
102
No Borrower has borrowed yet from Library
DB Connected
1
100
102
No Borrower has borrowed yet from Library
CLEARING NOW!
PERSON CLEARED!
DB Connected
1
100
102
No Books on Hold Yet!
DB Connected
1
100
102
No Books on Hold Yet!
DB Connected
1
100
102
No Books on Hold Yet!
DB Connected
1
100
102
No Books on Hold Yet!
DB Connected
1
100
102
No Books on Hold Yet!
DB Connected
1
100
102
No Books on Hold Yet!
DB Connected
1
100
102
No Books on Hold Yet!
DB Connected
1
100
102
No Books on Hold Yet!
DB Connected
1
100
102
No Books on Hold Yet!
DB Connected
1
100
102
No Books on Hold Yet!
DB Connected
1
100
102
No Books on Hold Yet!
DB Connected
1
100
102
No Books on Hold Yet!
DB Connected
1
100
102
No Books on Hold Yet!
DB Connected
1
100
102
No Books on Hold Yet!
DB Connected
1
100
102
No Books on Hold Yet!
DB Connected
1
100
102
No Books on Hold Yet!
DB Connected
1
100
102
No Books on Hold Yet!
DB Connected
1
100
102
No Books on Hold Yet!
DB Connected
1
100
102
No Books on Hold Yet!
DB Connected
1
100
102
No Books on Hold Yet!
DB Connected
1
100
102
No Books on Hold Yet!
DB Connected
1
100
102
No Books on Hold Yet!
DB Connected
1
100
102
No Books on Hold Yet!
DB Connected
1
100
102
No Books on Hold Yet!
2:321
103:103
1:123

Login Successful
DB Connected
1
100
102
No Books on Hold Yet!
2:321
103:103
1:123
100:NewPass!
102:102

Sorry! Wrong ID or Password
DB Connected
1
100
102
No Books on Hold Yet!
DB Connected
1
100
102
No Books on Hold Yet!
DB Connected
1
100
102
No Books on Hold Yet!
DB Connected
1
100
102
No Books on Hold Yet!
DB Connected
1
100
102
No Books on Hold Yet!
DB Connected
1
100
102
No Books on Hold Yet!
DB Connected
1
100
102
No Books on Hold Yet!
CLEARING NOW!
PERSON CLEARED!
DB Connected
1
100
102
No Books on Hold Yet!
CLEARING NOW!
PERSON CLEARED!
DB Connected
1
100
102
No Books on Hold Yet!
DB Connected
1
100
102
No Books on Hold Yet!
DB Connected
1
100
102
No Books on Hold Yet!
DB Connected
1
100
102
No Books on Hold Yet!

The deadline of the book New Book Title has been extended.
Issued Book is successfully renewed!

CLEARING NOW!
PERSON CLEARED!
DB Connected
1
100
102
No Books on Hold Yet!
DB Connected
1
100
102
No Books on Hold Yet!
DB Connected
1
100
102
No Books on Hold Yet!
DB Connected
1
100
102
No Books on Hold Yet!
DB Connected
1
100
102
No Books on Hold Yet!
DB Connected
1
100
102
No Books on Hold Yet!
DB Connected
1
100
102
No Books on Hold Yet!
DB Connected
1
100
102
No Books on Hold Yet!
DB Connected
1
100
102
No Books on Hold Yet!
DB Connected
1
100
102
No Books on Hold Yet!
DB Connected
1
100
102
No Books on Hold Yet!
DB Connected
1
100
102
No Books on Hold Yet!
DB Connected
1
100
102
No Books on Hold Yet!
DB Connected
1
100
102
No Books on Hold Yet!
DB Connected
1
100
102
No Books on Hold Yet!
DB Connected
1
100
102
No Books on Hold Yet!
DB Connected
1
100
102
No Books on Hold Yet!
DB Connected
1
100
102
No Books on Hold Yet!
DB Connected
1
100
102
No Books on Hold Yet!
DB Connected
1
100
102
No Books on Hold Yet!
DB Connected
1
100
102
No Books on Hold Yet!
DB Connected
1
100
102
No Books on Hold Yet!
---------------------------------------------------------------------------------------------------------------------------------------------------------------------
No.		Book's Title		Borrower's Name			Issued Date			Returned Date				Fine(Rs)
-------------------------------------------------------------------------------------------------------------------------------------------------------------------
0-		New Book Title			New Borrower Name		Sun May 03 00:00:00 PKT 2020			null				0.0
1-		Dictionary			New Borrower Name		Sun May 03 00:00:00 PKT 2020			null				0.0
2-		New Book Title			New Borrower Name		Sun May 03 00:00:00 PKT 2020			null				0.0
3-		New Book Title			New Borrower Name		Sun May 03 00:00:00 PKT 2020			null				0.0
4-		New Book Title			New Borrower Name		Sun May 03 00:00:00 PKT 2020			null				0.0
5-		New Book Title			New Borrower Name		Sun May 03 00:00:00 PKT 2020			null				0.0
6-		New Book Title			New Borrower Name		Sun May 03 00:00:00 PKT 2020			null				0.0
7-		New Book Title			New Borrower Name		Sun May 03 00:00:00 PKT 2020			null				0.0
8-		New Book Title			New Borrower Name		Sun May 03 00:00:00 PKT 2020			null				0.0
9-		New Book Title			New Borrower Name		Sun May 03 00:00:00 PKT 2020			null				0.0
10-		New Book Title			New Borrower Name		Sun May 03 00:00:00 PKT 2020			null				0.0
DB Connected
1
100
102
No Books on Hold Yet!
DB Connected
1
100
102
No Books on Hold Yet!
DB Connected
1
100
102
No Books on Hold Yet!
DB Connected
1
100
102
No Books on Hold Yet!
DB Connected
1
100
102
No Books on Hold Yet!
DB Connected
1
100
102
No Books on Hold Yet!
DB Connected
1
100
102
No Books on Hold Yet!
DB Connected
1
100
102
No Books on Hold Yet!
DB Connected
1
100
102
No Books on Hold Yet!
]]></system-out>
  <system-err><![CDATA[May 03, 2020 9:36:29 AM LMS.UI.HoldBookUI jButton1ActionPerformed
SEVERE: null
com.microsoft.sqlserver.jdbc.SQLServerException: The INSERT statement conflicted with the FOREIGN KEY constraint "FK__ON_HOLD_B__BORRO__239E4DCF". The conflict occurred in database "LMS", table "dbo.BORROWER", column 'B_ID'.
	at com.microsoft.sqlserver.jdbc.SQLServerException.makeFromDatabaseError(SQLServerException.java:216)
	at com.microsoft.sqlserver.jdbc.SQLServerStatement.getNextResult(SQLServerStatement.java:1515)
	at com.microsoft.sqlserver.jdbc.SQLServerPreparedStatement.doExecutePreparedStatement(SQLServerPreparedStatement.java:404)
	at com.microsoft.sqlserver.jdbc.SQLServerPreparedStatement$PrepStmtExecCmd.doExecute(SQLServerPreparedStatement.java:350)
	at com.microsoft.sqlserver.jdbc.TDSCommand.execute(IOBuffer.java:5696)
	at com.microsoft.sqlserver.jdbc.SQLServerConnection.executeCommand(SQLServerConnection.java:1715)
	at com.microsoft.sqlserver.jdbc.SQLServerStatement.executeCommand(SQLServerStatement.java:180)
	at com.microsoft.sqlserver.jdbc.SQLServerStatement.executeStatement(SQLServerStatement.java:155)
	at com.microsoft.sqlserver.jdbc.SQLServerPreparedStatement.executeUpdate(SQLServerPreparedStatement.java:314)
	at LMS.Library.fillItBack(Library.java:1038)
	at LMS.UI.HoldBookUI.jButton1ActionPerformed(HoldBookUI.java:221)
	at LMS.UI.HoldBookUI.access$100(HoldBookUI.java:16)
	at LMS.UI.HoldBookUI$2.actionPerformed(HoldBookUI.java:78)
	at javax.swing.AbstractButton.fireActionPerformed(AbstractButton.java:2022)
	at javax.swing.AbstractButton$Handler.actionPerformed(AbstractButton.java:2348)
	at javax.swing.DefaultButtonModel.fireActionPerformed(DefaultButtonModel.java:402)
	at javax.swing.DefaultButtonModel.setPressed(DefaultButtonModel.java:259)
	at javax.swing.plaf.basic.BasicButtonListener.mouseReleased(BasicButtonListener.java:252)
	at java.awt.Component.processMouseEvent(Component.java:6539)
	at javax.swing.JComponent.processMouseEvent(JComponent.java:3324)
	at java.awt.Component.processEvent(Component.java:6304)
	at java.awt.Container.processEvent(Container.java:2239)
	at java.awt.Component.dispatchEventImpl(Component.java:4889)
	at java.awt.Container.dispatchEventImpl(Container.java:2297)
	at java.awt.Component.dispatchEvent(Component.java:4711)
	at java.awt.LightweightDispatcher.retargetMouseEvent(Container.java:4904)
	at java.awt.LightweightDispatcher.processMouseEvent(Container.java:4535)
	at java.awt.LightweightDispatcher.dispatchEvent(Container.java:4476)
	at java.awt.Container.dispatchEventImpl(Container.java:2283)
	at java.awt.Window.dispatchEventImpl(Window.java:2746)
	at java.awt.Component.dispatchEvent(Component.java:4711)
	at java.awt.EventQueue.dispatchEventImpl(EventQueue.java:760)
	at java.awt.EventQueue.access$500(EventQueue.java:97)
	at java.awt.EventQueue$3.run(EventQueue.java:709)
	at java.awt.EventQueue$3.run(EventQueue.java:703)
	at java.security.AccessController.doPrivileged(Native Method)
	at java.security.ProtectionDomain$JavaSecurityAccessImpl.doIntersectionPrivilege(ProtectionDomain.java:74)
	at java.security.ProtectionDomain$JavaSecurityAccessImpl.doIntersectionPrivilege(ProtectionDomain.java:84)
	at java.awt.EventQueue$4.run(EventQueue.java:733)
	at java.awt.EventQueue$4.run(EventQueue.java:731)
	at java.security.AccessController.doPrivileged(Native Method)
	at java.security.ProtectionDomain$JavaSecurityAccessImpl.doIntersectionPrivilege(ProtectionDomain.java:74)
	at java.awt.EventQueue.dispatchEvent(EventQueue.java:730)
	at java.awt.EventDispatchThread.pumpOneEventForFilters(EventDispatchThread.java:205)
	at java.awt.EventDispatchThread.pumpEventsForFilter(EventDispatchThread.java:116)
	at java.awt.EventDispatchThread.pumpEventsForHierarchy(EventDispatchThread.java:105)
	at java.awt.EventDispatchThread.pumpEvents(EventDispatchThread.java:101)
	at java.awt.EventDispatchThread.pumpEvents(EventDispatchThread.java:93)
	at java.awt.EventDispatchThread.run(EventDispatchThread.java:82)

Exception in thread "AWT-EventQueue-0" java.lang.NumberFormatException: For input string: "200#"
	at java.lang.NumberFormatException.forInputString(NumberFormatException.java:65)
	at java.lang.Integer.parseInt(Integer.java:580)
	at java.lang.Integer.parseInt(Integer.java:615)
	at LMS.UI.IssueBookUI.jButton1ActionPerformed(IssueBookUI.java:167)
	at LMS.UI.IssueBookUI.access$000(IssueBookUI.java:18)
	at LMS.UI.IssueBookUI$1.actionPerformed(IssueBookUI.java:75)
	at javax.swing.AbstractButton.fireActionPerformed(AbstractButton.java:2022)
	at javax.swing.AbstractButton$Handler.actionPerformed(AbstractButton.java:2348)
	at javax.swing.DefaultButtonModel.fireActionPerformed(DefaultButtonModel.java:402)
	at javax.swing.DefaultButtonModel.setPressed(DefaultButtonModel.java:259)
	at javax.swing.plaf.basic.BasicButtonListener.mouseReleased(BasicButtonListener.java:252)
	at java.awt.Component.processMouseEvent(Component.java:6539)
	at javax.swing.JComponent.processMouseEvent(JComponent.java:3324)
	at java.awt.Component.processEvent(Component.java:6304)
	at java.awt.Container.processEvent(Container.java:2239)
	at java.awt.Component.dispatchEventImpl(Component.java:4889)
	at java.awt.Container.dispatchEventImpl(Container.java:2297)
	at java.awt.Component.dispatchEvent(Component.java:4711)
	at java.awt.LightweightDispatcher.retargetMouseEvent(Container.java:4904)
	at java.awt.LightweightDispatcher.processMouseEvent(Container.java:4535)
	at java.awt.LightweightDispatcher.dispatchEvent(Container.java:4476)
	at java.awt.Container.dispatchEventImpl(Container.java:2283)
	at java.awt.Window.dispatchEventImpl(Window.java:2746)
	at java.awt.Component.dispatchEvent(Component.java:4711)
	at java.awt.EventQueue.dispatchEventImpl(EventQueue.java:760)
	at java.awt.EventQueue.access$500(EventQueue.java:97)
	at java.awt.EventQueue$3.run(EventQueue.java:709)
	at java.awt.EventQueue$3.run(EventQueue.java:703)
	at java.security.AccessController.doPrivileged(Native Method)
	at java.security.ProtectionDomain$JavaSecurityAccessImpl.doIntersectionPrivilege(ProtectionDomain.java:74)
	at java.security.ProtectionDomain$JavaSecurityAccessImpl.doIntersectionPrivilege(ProtectionDomain.java:84)
	at java.awt.EventQueue$4.run(EventQueue.java:733)
	at java.awt.EventQueue$4.run(EventQueue.java:731)
	at java.security.AccessController.doPrivileged(Native Method)
	at java.security.ProtectionDomain$JavaSecurityAccessImpl.doIntersectionPrivilege(ProtectionDomain.java:74)
	at java.awt.EventQueue.dispatchEvent(EventQueue.java:730)
	at java.awt.EventDispatchThread.pumpOneEventForFilters(EventDispatchThread.java:205)
	at java.awt.EventDispatchThread.pumpEventsForFilter(EventDispatchThread.java:116)
	at java.awt.EventDispatchThread.pumpEventsForHierarchy(EventDispatchThread.java:105)
	at java.awt.EventDispatchThread.pumpEvents(EventDispatchThread.java:101)
	at java.awt.EventDispatchThread.pumpEvents(EventDispatchThread.java:93)
	at java.awt.EventDispatchThread.run(EventDispatchThread.java:82)
Exception in thread "AWT-EventQueue-0" java.lang.NumberFormatException: For input string: "10QW0"
	at java.lang.NumberFormatException.forInputString(NumberFormatException.java:65)
	at java.lang.Integer.parseInt(Integer.java:580)
	at java.lang.Integer.parseInt(Integer.java:615)
	at LMS.UI.IssueBookUI.jButton1ActionPerformed(IssueBookUI.java:168)
	at LMS.UI.IssueBookUI.access$000(IssueBookUI.java:18)
	at LMS.UI.IssueBookUI$1.actionPerformed(IssueBookUI.java:75)
	at javax.swing.AbstractButton.fireActionPerformed(AbstractButton.java:2022)
	at javax.swing.AbstractButton$Handler.actionPerformed(AbstractButton.java:2348)
	at javax.swing.DefaultButtonModel.fireActionPerformed(DefaultButtonModel.java:402)
	at javax.swing.DefaultButtonModel.setPressed(DefaultButtonModel.java:259)
	at javax.swing.plaf.basic.BasicButtonListener.mouseReleased(BasicButtonListener.java:252)
	at java.awt.Component.processMouseEvent(Component.java:6539)
	at javax.swing.JComponent.processMouseEvent(JComponent.java:3324)
	at java.awt.Component.processEvent(Component.java:6304)
	at java.awt.Container.processEvent(Container.java:2239)
	at java.awt.Component.dispatchEventImpl(Component.java:4889)
	at java.awt.Container.dispatchEventImpl(Container.java:2297)
	at java.awt.Component.dispatchEvent(Component.java:4711)
	at java.awt.LightweightDispatcher.retargetMouseEvent(Container.java:4904)
	at java.awt.LightweightDispatcher.processMouseEvent(Container.java:4535)
	at java.awt.LightweightDispatcher.dispatchEvent(Container.java:4476)
	at java.awt.Container.dispatchEventImpl(Container.java:2283)
	at java.awt.Window.dispatchEventImpl(Window.java:2746)
	at java.awt.Component.dispatchEvent(Component.java:4711)
	at java.awt.EventQueue.dispatchEventImpl(EventQueue.java:760)
	at java.awt.EventQueue.access$500(EventQueue.java:97)
	at java.awt.EventQueue$3.run(EventQueue.java:709)
	at java.awt.EventQueue$3.run(EventQueue.java:703)
	at java.security.AccessController.doPrivileged(Native Method)
	at java.security.ProtectionDomain$JavaSecurityAccessImpl.doIntersectionPrivilege(ProtectionDomain.java:74)
	at java.security.ProtectionDomain$JavaSecurityAccessImpl.doIntersectionPrivilege(ProtectionDomain.java:84)
	at java.awt.EventQueue$4.run(EventQueue.java:733)
	at java.awt.EventQueue$4.run(EventQueue.java:731)
	at java.security.AccessController.doPrivileged(Native Method)
	at java.security.ProtectionDomain$JavaSecurityAccessImpl.doIntersectionPrivilege(ProtectionDomain.java:74)
	at java.awt.EventQueue.dispatchEvent(EventQueue.java:730)
	at java.awt.EventDispatchThread.pumpOneEventForFilters(EventDispatchThread.java:205)
	at java.awt.EventDispatchThread.pumpEventsForFilter(EventDispatchThread.java:116)
	at java.awt.EventDispatchThread.pumpEventsForHierarchy(EventDispatchThread.java:105)
	at java.awt.EventDispatchThread.pumpEvents(EventDispatchThread.java:101)
	at java.awt.EventDispatchThread.pumpEvents(EventDispatchThread.java:93)
	at java.awt.EventDispatchThread.run(EventDispatchThread.java:82)
]]></system-err>
</testsuite>
